2022-11-23 12:50:11,346 ERROR 15776 nodejs.unhandledExceptionError: read ECONNRESET
    at TCP.onStreamRead (node:internal/stream_base_commons:217:20)
errno: -4077
code: "ECONNRESET"
syscall: "read"
name: "unhandledExceptionError"
pid: 15776
hostname: LAPTOP-NBMKVM82

2022-11-23 13:50:31,987 ERROR 15776 nodejs.unhandledExceptionError: read ECONNRESET
    at TCP.onStreamRead (node:internal/stream_base_commons:217:20)
errno: -4077
code: "ECONNRESET"
syscall: "read"
name: "unhandledExceptionError"
pid: 15776
hostname: LAPTOP-NBMKVM82

2022-11-23 13:59:33,936 ERROR 5564 nodejs.ServerNoResponseError: server 127.0.0.1:52154 no response in 20008ms, maybe the socket is end on the other side. (address: 127.0.0.1:52154)
    at Timeout._onTimeout (C:\Users\14253\Desktop\react-axios\node_modules\tcp-base\lib\base.js:431:21)
    at listOnTimeout (node:internal/timers:559:17)
    at processTimers (node:internal/timers:502:7)
name: "ServerNoResponseError"
pid: 5564
hostname: LAPTOP-NBMKVM82

2022-11-23 14:00:17,878 ERROR 15776 nodejs.ClusterClientNoResponseError: client no response in 83920ms exceeding maxIdleTime 60000ms, maybe the connection is close on other side.
    at Timeout._onTimeout (C:\Users\14253\Desktop\react-axios\node_modules\cluster-client\lib\leader.js:79:25)
    at listOnTimeout (node:internal/timers:559:17)
    at processTimers (node:internal/timers:502:7)
name: "ClusterClientNoResponseError"
pid: 15776
hostname: LAPTOP-NBMKVM82

2022-11-23 17:13:03,623 ERROR 12324 nodejs.ServerNoResponseError: server 127.0.0.1:52154 no response in 20009ms, maybe the socket is end on the other side. (address: 127.0.0.1:52154)
    at Timeout._onTimeout (C:\Users\14253\Desktop\react-axios\node_modules\tcp-base\lib\base.js:431:21)
    at listOnTimeout (node:internal/timers:559:17)
    at processTimers (node:internal/timers:502:7)
name: "ServerNoResponseError"
pid: 12324
hostname: LAPTOP-NBMKVM82

2022-11-23 17:17:02,619 ERROR 15776 nodejs.ClusterClientNoResponseError: client no response in 279072ms exceeding maxIdleTime 60000ms, maybe the connection is close on other side.
    at Timeout._onTimeout (C:\Users\14253\Desktop\react-axios\node_modules\cluster-client\lib\leader.js:79:25)
    at listOnTimeout (node:internal/timers:559:17)
    at processTimers (node:internal/timers:502:7)
name: "ClusterClientNoResponseError"
pid: 15776
hostname: LAPTOP-NBMKVM82

2022-11-23 17:17:04,720 ERROR 15776 nodejs.unhandledExceptionError: read ECONNRESET
    at TCP.onStreamRead (node:internal/stream_base_commons:217:20)
errno: -4077
code: "ECONNRESET"
syscall: "read"
name: "unhandledExceptionError"
pid: 15776
hostname: LAPTOP-NBMKVM82

2022-11-24 15:55:43,237 ERROR 18744 nodejs.unhandledExceptionError: read ECONNRESET
    at TCP.onStreamRead (node:internal/stream_base_commons:217:20)
errno: -4077
code: "ECONNRESET"
syscall: "read"
name: "unhandledExceptionError"
pid: 18744
hostname: LAPTOP-NBMKVM82

2022-11-24 17:01:25,199 ERROR 18744 nodejs.unhandledExceptionError: read ECONNRESET
    at TCP.onStreamRead (node:internal/stream_base_commons:217:20)
errno: -4077
code: "ECONNRESET"
syscall: "read"
name: "unhandledExceptionError"
pid: 18744
hostname: LAPTOP-NBMKVM82

2022-11-25 15:23:26,938 ERROR 9828 nodejs.unhandledExceptionError: read ECONNRESET
    at TCP.onStreamRead (node:internal/stream_base_commons:217:20)
errno: -4077
code: "ECONNRESET"
syscall: "read"
name: "unhandledExceptionError"
pid: 9828
hostname: LAPTOP-NBMKVM82

2022-11-25 17:23:34,658 ERROR 9828 nodejs.unhandledExceptionError: read ECONNRESET
    at TCP.onStreamRead (node:internal/stream_base_commons:217:20)
errno: -4077
code: "ECONNRESET"
syscall: "read"
name: "unhandledExceptionError"
pid: 9828
hostname: LAPTOP-NBMKVM82

2022-11-25 18:48:35,952 ERROR 9828 nodejs.unhandledExceptionError: read ECONNRESET
    at TCP.onStreamRead (node:internal/stream_base_commons:217:20)
errno: -4077
code: "ECONNRESET"
syscall: "read"
name: "unhandledExceptionError"
pid: 9828
hostname: LAPTOP-NBMKVM82

2022-11-26 15:34:28,235 ERROR 9724 nodejs.unhandledExceptionError: read ECONNRESET
    at TCP.onStreamRead (node:internal/stream_base_commons:217:20)
errno: -4077
code: "ECONNRESET"
syscall: "read"
name: "unhandledExceptionError"
pid: 9724
hostname: LAPTOP-NBMKVM82

2022-11-26 16:32:11,232 ERROR 17320 [-/::1/-/6ms GET /getcollect.do?fid=7&uid=5] nodejs.ER_PARSE_ERRORError: ER_PARSE_ERROR: You have an error in your SQL syntax; check the manual that corresponds to your MySQL server version for the right syntax to use near 'anduid='5'' at line 1
    at Query.Sequence._packetToError (C:\Users\14253\Desktop\react-axios\node_modules\mysql\lib\protocol\sequences\Sequence.js:47:14)
    at Query.ErrorPacket (C:\Users\14253\Desktop\react-axios\node_modules\mysql\lib\protocol\sequences\Query.js:79:18)
    at Protocol._parsePacket (C:\Users\14253\Desktop\react-axios\node_modules\mysql\lib\protocol\Protocol.js:291:23)
    at Parser._parsePacket (C:\Users\14253\Desktop\react-axios\node_modules\mysql\lib\protocol\Parser.js:433:10)
    at Parser.write (C:\Users\14253\Desktop\react-axios\node_modules\mysql\lib\protocol\Parser.js:43:10)
    at Protocol.write (C:\Users\14253\Desktop\react-axios\node_modules\mysql\lib\protocol\Protocol.js:38:16)
    at Socket.<anonymous> (C:\Users\14253\Desktop\react-axios\node_modules\mysql\lib\Connection.js:88:28)
    at Socket.<anonymous> (C:\Users\14253\Desktop\react-axios\node_modules\mysql\lib\Connection.js:526:10)
    at Socket.emit (node:events:513:28)
    at addChunk (node:internal/streams/readable:315:12)
    --------------------
    at Pool.query (C:\Users\14253\Desktop\react-axios\node_modules\mysql\lib\Pool.js:199:23)
    at C:\Users\14253\Desktop\react-axios\node_modules\pify\index.js:29:7
    at new Promise (<anonymous>)
    at Pool.<anonymous> (C:\Users\14253\Desktop\react-axios\node_modules\pify\index.js:12:10)
    at Pool.ret [as query] (C:\Users\14253\Desktop\react-axios\node_modules\pify\index.js:56:34)
    at RDSClient.proto._query (C:\Users\14253\Desktop\react-axios\node_modules\ali-rds\lib\client.js:38:20)
    at RDSClient.proto.query (C:\Users\14253\Desktop\react-axios\node_modules\ali-rds\lib\operator.js:54:29)
    at proto.query.next (<anonymous>)
    at onFulfilled (C:\Users\14253\Desktop\react-axios\node_modules\co\index.js:65:19)
    at C:\Users\14253\Desktop\react-axios\node_modules\co\index.js:54:5
    sql: select * from collection where fid='7'anduid='5'
code: "ER_PARSE_ERROR"
errno: 1064
sqlMessage: "You have an error in your SQL syntax; check the manual that corresponds to your MySQL server version for the right syntax to use near 'anduid='5'' at line 1"
sqlState: "42000"
index: 0
sql: "select * from collection where fid='7'anduid='5'"
headers: {"Access-Control-Allow-Origin":"http://localhost:3000","Access-Control-Allow-Credentials":"true","vary":"Origin"}
name: "ER_PARSE_ERRORError"
pid: 17320
hostname: LAPTOP-NBMKVM82

2022-11-26 16:32:12,432 ERROR 17320 [-/::1/-/2ms GET /getcollect.do?fid=7&uid=5] nodejs.ER_PARSE_ERRORError: ER_PARSE_ERROR: You have an error in your SQL syntax; check the manual that corresponds to your MySQL server version for the right syntax to use near 'anduid='5'' at line 1
    at Query.Sequence._packetToError (C:\Users\14253\Desktop\react-axios\node_modules\mysql\lib\protocol\sequences\Sequence.js:47:14)
    at Query.ErrorPacket (C:\Users\14253\Desktop\react-axios\node_modules\mysql\lib\protocol\sequences\Query.js:79:18)
    at Protocol._parsePacket (C:\Users\14253\Desktop\react-axios\node_modules\mysql\lib\protocol\Protocol.js:291:23)
    at Parser._parsePacket (C:\Users\14253\Desktop\react-axios\node_modules\mysql\lib\protocol\Parser.js:433:10)
    at Parser.write (C:\Users\14253\Desktop\react-axios\node_modules\mysql\lib\protocol\Parser.js:43:10)
    at Protocol.write (C:\Users\14253\Desktop\react-axios\node_modules\mysql\lib\protocol\Protocol.js:38:16)
    at Socket.<anonymous> (C:\Users\14253\Desktop\react-axios\node_modules\mysql\lib\Connection.js:88:28)
    at Socket.<anonymous> (C:\Users\14253\Desktop\react-axios\node_modules\mysql\lib\Connection.js:526:10)
    at Socket.emit (node:events:513:28)
    at addChunk (node:internal/streams/readable:315:12)
    --------------------
    at Pool.query (C:\Users\14253\Desktop\react-axios\node_modules\mysql\lib\Pool.js:199:23)
    at C:\Users\14253\Desktop\react-axios\node_modules\pify\index.js:29:7
    at new Promise (<anonymous>)
    at Pool.<anonymous> (C:\Users\14253\Desktop\react-axios\node_modules\pify\index.js:12:10)
    at Pool.ret [as query] (C:\Users\14253\Desktop\react-axios\node_modules\pify\index.js:56:34)
    at RDSClient.proto._query (C:\Users\14253\Desktop\react-axios\node_modules\ali-rds\lib\client.js:38:20)
    at RDSClient.proto.query (C:\Users\14253\Desktop\react-axios\node_modules\ali-rds\lib\operator.js:54:29)
    at proto.query.next (<anonymous>)
    at onFulfilled (C:\Users\14253\Desktop\react-axios\node_modules\co\index.js:65:19)
    at C:\Users\14253\Desktop\react-axios\node_modules\co\index.js:54:5
    sql: select * from collection where fid='7'anduid='5'
code: "ER_PARSE_ERROR"
errno: 1064
sqlMessage: "You have an error in your SQL syntax; check the manual that corresponds to your MySQL server version for the right syntax to use near 'anduid='5'' at line 1"
sqlState: "42000"
index: 0
sql: "select * from collection where fid='7'anduid='5'"
headers: {"Access-Control-Allow-Origin":"http://localhost:3000","Access-Control-Allow-Credentials":"true","vary":"Origin"}
name: "ER_PARSE_ERRORError"
pid: 17320
hostname: LAPTOP-NBMKVM82

2022-11-26 16:33:26,425 ERROR 17320 [-/::1/-/7ms GET /getcollect.do?fid=7&uid=5] nodejs.ER_PARSE_ERRORError: ER_PARSE_ERROR: You have an error in your SQL syntax; check the manual that corresponds to your MySQL server version for the right syntax to use near 'anduid='5'' at line 1
    at Query.Sequence._packetToError (C:\Users\14253\Desktop\react-axios\node_modules\mysql\lib\protocol\sequences\Sequence.js:47:14)
    at Query.ErrorPacket (C:\Users\14253\Desktop\react-axios\node_modules\mysql\lib\protocol\sequences\Query.js:79:18)
    at Protocol._parsePacket (C:\Users\14253\Desktop\react-axios\node_modules\mysql\lib\protocol\Protocol.js:291:23)
    at Parser._parsePacket (C:\Users\14253\Desktop\react-axios\node_modules\mysql\lib\protocol\Parser.js:433:10)
    at Parser.write (C:\Users\14253\Desktop\react-axios\node_modules\mysql\lib\protocol\Parser.js:43:10)
    at Protocol.write (C:\Users\14253\Desktop\react-axios\node_modules\mysql\lib\protocol\Protocol.js:38:16)
    at Socket.<anonymous> (C:\Users\14253\Desktop\react-axios\node_modules\mysql\lib\Connection.js:88:28)
    at Socket.<anonymous> (C:\Users\14253\Desktop\react-axios\node_modules\mysql\lib\Connection.js:526:10)
    at Socket.emit (node:events:513:28)
    at addChunk (node:internal/streams/readable:315:12)
    --------------------
    at Pool.query (C:\Users\14253\Desktop\react-axios\node_modules\mysql\lib\Pool.js:199:23)
    at C:\Users\14253\Desktop\react-axios\node_modules\pify\index.js:29:7
    at new Promise (<anonymous>)
    at Pool.<anonymous> (C:\Users\14253\Desktop\react-axios\node_modules\pify\index.js:12:10)
    at Pool.ret [as query] (C:\Users\14253\Desktop\react-axios\node_modules\pify\index.js:56:34)
    at RDSClient.proto._query (C:\Users\14253\Desktop\react-axios\node_modules\ali-rds\lib\client.js:38:20)
    at RDSClient.proto.query (C:\Users\14253\Desktop\react-axios\node_modules\ali-rds\lib\operator.js:54:29)
    at proto.query.next (<anonymous>)
    at onFulfilled (C:\Users\14253\Desktop\react-axios\node_modules\co\index.js:65:19)
    at C:\Users\14253\Desktop\react-axios\node_modules\co\index.js:54:5
    sql: select * from collection where fid='7'anduid='5'
code: "ER_PARSE_ERROR"
errno: 1064
sqlMessage: "You have an error in your SQL syntax; check the manual that corresponds to your MySQL server version for the right syntax to use near 'anduid='5'' at line 1"
sqlState: "42000"
index: 0
sql: "select * from collection where fid='7'anduid='5'"
headers: {"Access-Control-Allow-Origin":"http://localhost:3000","Access-Control-Allow-Credentials":"true","vary":"Origin"}
name: "ER_PARSE_ERRORError"
pid: 17320
hostname: LAPTOP-NBMKVM82

2022-11-26 16:33:58,393 ERROR 17320 [-/::1/-/2ms GET /getcollect.do?fid=7&uid=5] nodejs.ER_PARSE_ERRORError: ER_PARSE_ERROR: You have an error in your SQL syntax; check the manual that corresponds to your MySQL server version for the right syntax to use near 'anduid='5'' at line 1
    at Query.Sequence._packetToError (C:\Users\14253\Desktop\react-axios\node_modules\mysql\lib\protocol\sequences\Sequence.js:47:14)
    at Query.ErrorPacket (C:\Users\14253\Desktop\react-axios\node_modules\mysql\lib\protocol\sequences\Query.js:79:18)
    at Protocol._parsePacket (C:\Users\14253\Desktop\react-axios\node_modules\mysql\lib\protocol\Protocol.js:291:23)
    at Parser._parsePacket (C:\Users\14253\Desktop\react-axios\node_modules\mysql\lib\protocol\Parser.js:433:10)
    at Parser.write (C:\Users\14253\Desktop\react-axios\node_modules\mysql\lib\protocol\Parser.js:43:10)
    at Protocol.write (C:\Users\14253\Desktop\react-axios\node_modules\mysql\lib\protocol\Protocol.js:38:16)
    at Socket.<anonymous> (C:\Users\14253\Desktop\react-axios\node_modules\mysql\lib\Connection.js:88:28)
    at Socket.<anonymous> (C:\Users\14253\Desktop\react-axios\node_modules\mysql\lib\Connection.js:526:10)
    at Socket.emit (node:events:513:28)
    at addChunk (node:internal/streams/readable:315:12)
    --------------------
    at Pool.query (C:\Users\14253\Desktop\react-axios\node_modules\mysql\lib\Pool.js:199:23)
    at C:\Users\14253\Desktop\react-axios\node_modules\pify\index.js:29:7
    at new Promise (<anonymous>)
    at Pool.<anonymous> (C:\Users\14253\Desktop\react-axios\node_modules\pify\index.js:12:10)
    at Pool.ret [as query] (C:\Users\14253\Desktop\react-axios\node_modules\pify\index.js:56:34)
    at RDSClient.proto._query (C:\Users\14253\Desktop\react-axios\node_modules\ali-rds\lib\client.js:38:20)
    at RDSClient.proto.query (C:\Users\14253\Desktop\react-axios\node_modules\ali-rds\lib\operator.js:54:29)
    at proto.query.next (<anonymous>)
    at onFulfilled (C:\Users\14253\Desktop\react-axios\node_modules\co\index.js:65:19)
    at C:\Users\14253\Desktop\react-axios\node_modules\co\index.js:54:5
    sql: select * from collection where fid='7'anduid='5'
code: "ER_PARSE_ERROR"
errno: 1064
sqlMessage: "You have an error in your SQL syntax; check the manual that corresponds to your MySQL server version for the right syntax to use near 'anduid='5'' at line 1"
sqlState: "42000"
index: 0
sql: "select * from collection where fid='7'anduid='5'"
headers: {"Access-Control-Allow-Origin":"http://localhost:3000","Access-Control-Allow-Credentials":"true","vary":"Origin"}
name: "ER_PARSE_ERRORError"
pid: 17320
hostname: LAPTOP-NBMKVM82

2022-11-26 16:34:33,406 ERROR 9724 nodejs.unhandledExceptionError: read ECONNRESET
    at TCP.onStreamRead (node:internal/stream_base_commons:217:20)
errno: -4077
code: "ECONNRESET"
syscall: "read"
name: "unhandledExceptionError"
pid: 9724
hostname: LAPTOP-NBMKVM82

2022-11-26 16:34:46,529 ERROR 8356 [-/::1/-/4ms GET /addcollect.do?fid=15&uid=5] nodejs.ER_PARSE_ERRORError: ER_PARSE_ERROR: You have an error in your SQL syntax; check the manual that corresponds to your MySQL server version for the right syntax to use near '")' at line 1
    at Query.Sequence._packetToError (C:\Users\14253\Desktop\react-axios\node_modules\mysql\lib\protocol\sequences\Sequence.js:47:14)
    at Query.ErrorPacket (C:\Users\14253\Desktop\react-axios\node_modules\mysql\lib\protocol\sequences\Query.js:79:18)
    at Protocol._parsePacket (C:\Users\14253\Desktop\react-axios\node_modules\mysql\lib\protocol\Protocol.js:291:23)
    at Parser._parsePacket (C:\Users\14253\Desktop\react-axios\node_modules\mysql\lib\protocol\Parser.js:433:10)
    at Parser.write (C:\Users\14253\Desktop\react-axios\node_modules\mysql\lib\protocol\Parser.js:43:10)
    at Protocol.write (C:\Users\14253\Desktop\react-axios\node_modules\mysql\lib\protocol\Protocol.js:38:16)
    at Socket.<anonymous> (C:\Users\14253\Desktop\react-axios\node_modules\mysql\lib\Connection.js:88:28)
    at Socket.<anonymous> (C:\Users\14253\Desktop\react-axios\node_modules\mysql\lib\Connection.js:526:10)
    at Socket.emit (node:events:513:28)
    at addChunk (node:internal/streams/readable:315:12)
    --------------------
    at Pool.query (C:\Users\14253\Desktop\react-axios\node_modules\mysql\lib\Pool.js:199:23)
    at C:\Users\14253\Desktop\react-axios\node_modules\pify\index.js:29:7
    at new Promise (<anonymous>)
    at Pool.<anonymous> (C:\Users\14253\Desktop\react-axios\node_modules\pify\index.js:12:10)
    at Pool.ret [as query] (C:\Users\14253\Desktop\react-axios\node_modules\pify\index.js:56:34)
    at RDSClient.proto._query (C:\Users\14253\Desktop\react-axios\node_modules\ali-rds\lib\client.js:38:20)
    at RDSClient.proto.query (C:\Users\14253\Desktop\react-axios\node_modules\ali-rds\lib\operator.js:54:29)
    at proto.query.next (<anonymous>)
    at onFulfilled (C:\Users\14253\Desktop\react-axios\node_modules\co\index.js:65:19)
    at C:\Users\14253\Desktop\react-axios\node_modules\co\index.js:54:5
    sql: insert into collection(fid,uid)values('15',")
code: "ER_PARSE_ERROR"
errno: 1064
sqlMessage: "You have an error in your SQL syntax; check the manual that corresponds to your MySQL server version for the right syntax to use near '\")' at line 1"
sqlState: "42000"
index: 0
sql: "insert into collection(fid,uid)values('15',\")"
headers: {"Access-Control-Allow-Origin":"http://localhost:3000","Access-Control-Allow-Credentials":"true","vary":"Origin"}
name: "ER_PARSE_ERRORError"
pid: 8356
hostname: LAPTOP-NBMKVM82

2022-11-26 16:35:16,452 ERROR 8356 [-/::1/-/1ms GET /addcollect.do?fid=15&uid=5] nodejs.ER_PARSE_ERRORError: ER_PARSE_ERROR: You have an error in your SQL syntax; check the manual that corresponds to your MySQL server version for the right syntax to use near '")' at line 1
    at Query.Sequence._packetToError (C:\Users\14253\Desktop\react-axios\node_modules\mysql\lib\protocol\sequences\Sequence.js:47:14)
    at Query.ErrorPacket (C:\Users\14253\Desktop\react-axios\node_modules\mysql\lib\protocol\sequences\Query.js:79:18)
    at Protocol._parsePacket (C:\Users\14253\Desktop\react-axios\node_modules\mysql\lib\protocol\Protocol.js:291:23)
    at Parser._parsePacket (C:\Users\14253\Desktop\react-axios\node_modules\mysql\lib\protocol\Parser.js:433:10)
    at Parser.write (C:\Users\14253\Desktop\react-axios\node_modules\mysql\lib\protocol\Parser.js:43:10)
    at Protocol.write (C:\Users\14253\Desktop\react-axios\node_modules\mysql\lib\protocol\Protocol.js:38:16)
    at Socket.<anonymous> (C:\Users\14253\Desktop\react-axios\node_modules\mysql\lib\Connection.js:88:28)
    at Socket.<anonymous> (C:\Users\14253\Desktop\react-axios\node_modules\mysql\lib\Connection.js:526:10)
    at Socket.emit (node:events:513:28)
    at addChunk (node:internal/streams/readable:315:12)
    --------------------
    at Pool.query (C:\Users\14253\Desktop\react-axios\node_modules\mysql\lib\Pool.js:199:23)
    at C:\Users\14253\Desktop\react-axios\node_modules\pify\index.js:29:7
    at new Promise (<anonymous>)
    at Pool.<anonymous> (C:\Users\14253\Desktop\react-axios\node_modules\pify\index.js:12:10)
    at Pool.ret [as query] (C:\Users\14253\Desktop\react-axios\node_modules\pify\index.js:56:34)
    at RDSClient.proto._query (C:\Users\14253\Desktop\react-axios\node_modules\ali-rds\lib\client.js:38:20)
    at RDSClient.proto.query (C:\Users\14253\Desktop\react-axios\node_modules\ali-rds\lib\operator.js:54:29)
    at proto.query.next (<anonymous>)
    at onFulfilled (C:\Users\14253\Desktop\react-axios\node_modules\co\index.js:65:19)
    at C:\Users\14253\Desktop\react-axios\node_modules\co\index.js:54:5
    sql: insert into collection(fid,uid)values('15',")
code: "ER_PARSE_ERROR"
errno: 1064
sqlMessage: "You have an error in your SQL syntax; check the manual that corresponds to your MySQL server version for the right syntax to use near '\")' at line 1"
sqlState: "42000"
index: 0
sql: "insert into collection(fid,uid)values('15',\")"
headers: {"Access-Control-Allow-Origin":"http://localhost:3000","Access-Control-Allow-Credentials":"true","vary":"Origin"}
name: "ER_PARSE_ERRORError"
pid: 8356
hostname: LAPTOP-NBMKVM82

2022-11-27 17:57:57,648 ERROR 8524 nodejs.unhandledExceptionError: read ECONNRESET
    at TCP.onStreamRead (node:internal/stream_base_commons:217:20)
errno: -4077
code: "ECONNRESET"
syscall: "read"
name: "unhandledExceptionError"
pid: 8524
hostname: LAPTOP-NBMKVM82

2022-11-28 11:44:02,387 ERROR 15652 nodejs.unhandledExceptionError: read ECONNRESET
    at TCP.onStreamRead (node:internal/stream_base_commons:217:20)
errno: -4077
code: "ECONNRESET"
syscall: "read"
name: "unhandledExceptionError"
pid: 15652
hostname: LAPTOP-NBMKVM82

2022-11-28 11:46:05,153 ERROR 6764 [-/::1/-/9ms GET /foodcollection.do?uid=1] nodejs.ER_PARSE_ERRORError: ER_PARSE_ERROR: You have an error in your SQL syntax; check the manual that corresponds to your MySQL server version for the right syntax to use near 'from collection where uid='1'and fid is not null' at line 1
    at Query.Sequence._packetToError (C:\Users\14253\Desktop\react-axios\node_modules\mysql\lib\protocol\sequences\Sequence.js:47:14)
    at Query.ErrorPacket (C:\Users\14253\Desktop\react-axios\node_modules\mysql\lib\protocol\sequences\Query.js:79:18)
    at Protocol._parsePacket (C:\Users\14253\Desktop\react-axios\node_modules\mysql\lib\protocol\Protocol.js:291:23)
    at Parser._parsePacket (C:\Users\14253\Desktop\react-axios\node_modules\mysql\lib\protocol\Parser.js:433:10)
    at Parser.write (C:\Users\14253\Desktop\react-axios\node_modules\mysql\lib\protocol\Parser.js:43:10)
    at Protocol.write (C:\Users\14253\Desktop\react-axios\node_modules\mysql\lib\protocol\Protocol.js:38:16)
    at Socket.<anonymous> (C:\Users\14253\Desktop\react-axios\node_modules\mysql\lib\Connection.js:88:28)
    at Socket.<anonymous> (C:\Users\14253\Desktop\react-axios\node_modules\mysql\lib\Connection.js:526:10)
    at Socket.emit (node:events:513:28)
    at addChunk (node:internal/streams/readable:315:12)
    --------------------
    at Pool.query (C:\Users\14253\Desktop\react-axios\node_modules\mysql\lib\Pool.js:199:23)
    at C:\Users\14253\Desktop\react-axios\node_modules\pify\index.js:29:7
    at new Promise (<anonymous>)
    at Pool.<anonymous> (C:\Users\14253\Desktop\react-axios\node_modules\pify\index.js:12:10)
    at Pool.ret [as query] (C:\Users\14253\Desktop\react-axios\node_modules\pify\index.js:56:34)
    at RDSClient.proto._query (C:\Users\14253\Desktop\react-axios\node_modules\ali-rds\lib\client.js:38:20)
    at RDSClient.proto.query (C:\Users\14253\Desktop\react-axios\node_modules\ali-rds\lib\operator.js:54:29)
    at proto.query.next (<anonymous>)
    at onFulfilled (C:\Users\14253\Desktop\react-axios\node_modules\co\index.js:65:19)
    at C:\Users\14253\Desktop\react-axios\node_modules\co\index.js:54:5
    sql: select from collection where uid='1'and fid is not null
code: "ER_PARSE_ERROR"
errno: 1064
sqlMessage: "You have an error in your SQL syntax; check the manual that corresponds to your MySQL server version for the right syntax to use near 'from collection where uid='1'and fid is not null' at line 1"
sqlState: "42000"
index: 0
sql: "select from collection where uid='1'and fid is not null"
headers: {"Access-Control-Allow-Origin":"https://getman.cn","Access-Control-Allow-Credentials":"true","vary":"Origin"}
name: "ER_PARSE_ERRORError"
pid: 6764
hostname: LAPTOP-NBMKVM82

2022-11-28 13:40:22,083 ERROR 15652 nodejs.unhandledExceptionError: read ECONNRESET
    at TCP.onStreamRead (node:internal/stream_base_commons:217:20)
errno: -4077
code: "ECONNRESET"
syscall: "read"
name: "unhandledExceptionError"
pid: 15652
hostname: LAPTOP-NBMKVM82

2022-11-28 15:08:27,052 ERROR 15652 nodejs.unhandledExceptionError: read ECONNRESET
    at TCP.onStreamRead (node:internal/stream_base_commons:217:20)
errno: -4077
code: "ECONNRESET"
syscall: "read"
name: "unhandledExceptionError"
pid: 15652
hostname: LAPTOP-NBMKVM82

2022-11-29 15:22:07,766 ERROR 7712 nodejs.unhandledExceptionError: read ECONNRESET
    at TCP.onStreamRead (node:internal/stream_base_commons:217:20)
errno: -4077
code: "ECONNRESET"
syscall: "read"
name: "unhandledExceptionError"
pid: 7712
hostname: LAPTOP-NBMKVM82

