2022-11-26 16:32:11,234 ERROR 17320 [-/::1/-/6ms GET /getcollect.do?fid=7&uid=5] nodejs.ER_PARSE_ERRORError: ER_PARSE_ERROR: You have an error in your SQL syntax; check the manual that corresponds to your MySQL server version for the right syntax to use near 'anduid='5'' at line 1
    at Query.Sequence._packetToError (C:\Users\14253\Desktop\react-axios\node_modules\mysql\lib\protocol\sequences\Sequence.js:47:14)
    at Query.ErrorPacket (C:\Users\14253\Desktop\react-axios\node_modules\mysql\lib\protocol\sequences\Query.js:79:18)
    at Protocol._parsePacket (C:\Users\14253\Desktop\react-axios\node_modules\mysql\lib\protocol\Protocol.js:291:23)
    at Parser._parsePacket (C:\Users\14253\Desktop\react-axios\node_modules\mysql\lib\protocol\Parser.js:433:10)
    at Parser.write (C:\Users\14253\Desktop\react-axios\node_modules\mysql\lib\protocol\Parser.js:43:10)
    at Protocol.write (C:\Users\14253\Desktop\react-axios\node_modules\mysql\lib\protocol\Protocol.js:38:16)
    at Socket.<anonymous> (C:\Users\14253\Desktop\react-axios\node_modules\mysql\lib\Connection.js:88:28)
    at Socket.<anonymous> (C:\Users\14253\Desktop\react-axios\node_modules\mysql\lib\Connection.js:526:10)
    at Socket.emit (node:events:513:28)
    at addChunk (node:internal/streams/readable:315:12)
    --------------------
    at Pool.query (C:\Users\14253\Desktop\react-axios\node_modules\mysql\lib\Pool.js:199:23)
    at C:\Users\14253\Desktop\react-axios\node_modules\pify\index.js:29:7
    at new Promise (<anonymous>)
    at Pool.<anonymous> (C:\Users\14253\Desktop\react-axios\node_modules\pify\index.js:12:10)
    at Pool.ret [as query] (C:\Users\14253\Desktop\react-axios\node_modules\pify\index.js:56:34)
    at RDSClient.proto._query (C:\Users\14253\Desktop\react-axios\node_modules\ali-rds\lib\client.js:38:20)
    at RDSClient.proto.query (C:\Users\14253\Desktop\react-axios\node_modules\ali-rds\lib\operator.js:54:29)
    at proto.query.next (<anonymous>)
    at onFulfilled (C:\Users\14253\Desktop\react-axios\node_modules\co\index.js:65:19)
    at C:\Users\14253\Desktop\react-axios\node_modules\co\index.js:54:5
    sql: select * from collection where fid='7'anduid='5'
code: "ER_PARSE_ERROR"
errno: 1064
sqlMessage: "You have an error in your SQL syntax; check the manual that corresponds to your MySQL server version for the right syntax to use near 'anduid='5'' at line 1"
sqlState: "42000"
index: 0
sql: "select * from collection where fid='7'anduid='5'"
headers: {"Access-Control-Allow-Origin":"http://localhost:3000","Access-Control-Allow-Credentials":"true","vary":"Origin"}
name: "ER_PARSE_ERRORError"
pid: 17320
hostname: LAPTOP-NBMKVM82

2022-11-26 16:32:12,434 ERROR 17320 [-/::1/-/2ms GET /getcollect.do?fid=7&uid=5] nodejs.ER_PARSE_ERRORError: ER_PARSE_ERROR: You have an error in your SQL syntax; check the manual that corresponds to your MySQL server version for the right syntax to use near 'anduid='5'' at line 1
    at Query.Sequence._packetToError (C:\Users\14253\Desktop\react-axios\node_modules\mysql\lib\protocol\sequences\Sequence.js:47:14)
    at Query.ErrorPacket (C:\Users\14253\Desktop\react-axios\node_modules\mysql\lib\protocol\sequences\Query.js:79:18)
    at Protocol._parsePacket (C:\Users\14253\Desktop\react-axios\node_modules\mysql\lib\protocol\Protocol.js:291:23)
    at Parser._parsePacket (C:\Users\14253\Desktop\react-axios\node_modules\mysql\lib\protocol\Parser.js:433:10)
    at Parser.write (C:\Users\14253\Desktop\react-axios\node_modules\mysql\lib\protocol\Parser.js:43:10)
    at Protocol.write (C:\Users\14253\Desktop\react-axios\node_modules\mysql\lib\protocol\Protocol.js:38:16)
    at Socket.<anonymous> (C:\Users\14253\Desktop\react-axios\node_modules\mysql\lib\Connection.js:88:28)
    at Socket.<anonymous> (C:\Users\14253\Desktop\react-axios\node_modules\mysql\lib\Connection.js:526:10)
    at Socket.emit (node:events:513:28)
    at addChunk (node:internal/streams/readable:315:12)
    --------------------
    at Pool.query (C:\Users\14253\Desktop\react-axios\node_modules\mysql\lib\Pool.js:199:23)
    at C:\Users\14253\Desktop\react-axios\node_modules\pify\index.js:29:7
    at new Promise (<anonymous>)
    at Pool.<anonymous> (C:\Users\14253\Desktop\react-axios\node_modules\pify\index.js:12:10)
    at Pool.ret [as query] (C:\Users\14253\Desktop\react-axios\node_modules\pify\index.js:56:34)
    at RDSClient.proto._query (C:\Users\14253\Desktop\react-axios\node_modules\ali-rds\lib\client.js:38:20)
    at RDSClient.proto.query (C:\Users\14253\Desktop\react-axios\node_modules\ali-rds\lib\operator.js:54:29)
    at proto.query.next (<anonymous>)
    at onFulfilled (C:\Users\14253\Desktop\react-axios\node_modules\co\index.js:65:19)
    at C:\Users\14253\Desktop\react-axios\node_modules\co\index.js:54:5
    sql: select * from collection where fid='7'anduid='5'
code: "ER_PARSE_ERROR"
errno: 1064
sqlMessage: "You have an error in your SQL syntax; check the manual that corresponds to your MySQL server version for the right syntax to use near 'anduid='5'' at line 1"
sqlState: "42000"
index: 0
sql: "select * from collection where fid='7'anduid='5'"
headers: {"Access-Control-Allow-Origin":"http://localhost:3000","Access-Control-Allow-Credentials":"true","vary":"Origin"}
name: "ER_PARSE_ERRORError"
pid: 17320
hostname: LAPTOP-NBMKVM82

2022-11-26 16:33:58,308 ERROR 17320 [-/::1/-/7ms GET /getcollect.do?fid=7&uid=5] nodejs.ER_PARSE_ERRORError: ER_PARSE_ERROR: You have an error in your SQL syntax; check the manual that corresponds to your MySQL server version for the right syntax to use near 'anduid='5'' at line 1
    at Query.Sequence._packetToError (C:\Users\14253\Desktop\react-axios\node_modules\mysql\lib\protocol\sequences\Sequence.js:47:14)
    at Query.ErrorPacket (C:\Users\14253\Desktop\react-axios\node_modules\mysql\lib\protocol\sequences\Query.js:79:18)
    at Protocol._parsePacket (C:\Users\14253\Desktop\react-axios\node_modules\mysql\lib\protocol\Protocol.js:291:23)
    at Parser._parsePacket (C:\Users\14253\Desktop\react-axios\node_modules\mysql\lib\protocol\Parser.js:433:10)
    at Parser.write (C:\Users\14253\Desktop\react-axios\node_modules\mysql\lib\protocol\Parser.js:43:10)
    at Protocol.write (C:\Users\14253\Desktop\react-axios\node_modules\mysql\lib\protocol\Protocol.js:38:16)
    at Socket.<anonymous> (C:\Users\14253\Desktop\react-axios\node_modules\mysql\lib\Connection.js:88:28)
    at Socket.<anonymous> (C:\Users\14253\Desktop\react-axios\node_modules\mysql\lib\Connection.js:526:10)
    at Socket.emit (node:events:513:28)
    at addChunk (node:internal/streams/readable:315:12)
    --------------------
    at Pool.query (C:\Users\14253\Desktop\react-axios\node_modules\mysql\lib\Pool.js:199:23)
    at C:\Users\14253\Desktop\react-axios\node_modules\pify\index.js:29:7
    at new Promise (<anonymous>)
    at Pool.<anonymous> (C:\Users\14253\Desktop\react-axios\node_modules\pify\index.js:12:10)
    at Pool.ret [as query] (C:\Users\14253\Desktop\react-axios\node_modules\pify\index.js:56:34)
    at RDSClient.proto._query (C:\Users\14253\Desktop\react-axios\node_modules\ali-rds\lib\client.js:38:20)
    at RDSClient.proto.query (C:\Users\14253\Desktop\react-axios\node_modules\ali-rds\lib\operator.js:54:29)
    at proto.query.next (<anonymous>)
    at onFulfilled (C:\Users\14253\Desktop\react-axios\node_modules\co\index.js:65:19)
    at C:\Users\14253\Desktop\react-axios\node_modules\co\index.js:54:5
    sql: select * from collection where fid='7'anduid='5'
code: "ER_PARSE_ERROR"
errno: 1064
sqlMessage: "You have an error in your SQL syntax; check the manual that corresponds to your MySQL server version for the right syntax to use near 'anduid='5'' at line 1"
sqlState: "42000"
index: 0
sql: "select * from collection where fid='7'anduid='5'"
headers: {"Access-Control-Allow-Origin":"http://localhost:3000","Access-Control-Allow-Credentials":"true","vary":"Origin"}
name: "ER_PARSE_ERRORError"
pid: 17320
hostname: LAPTOP-NBMKVM82

2022-11-26 16:33:58,395 ERROR 17320 [-/::1/-/2ms GET /getcollect.do?fid=7&uid=5] nodejs.ER_PARSE_ERRORError: ER_PARSE_ERROR: You have an error in your SQL syntax; check the manual that corresponds to your MySQL server version for the right syntax to use near 'anduid='5'' at line 1
    at Query.Sequence._packetToError (C:\Users\14253\Desktop\react-axios\node_modules\mysql\lib\protocol\sequences\Sequence.js:47:14)
    at Query.ErrorPacket (C:\Users\14253\Desktop\react-axios\node_modules\mysql\lib\protocol\sequences\Query.js:79:18)
    at Protocol._parsePacket (C:\Users\14253\Desktop\react-axios\node_modules\mysql\lib\protocol\Protocol.js:291:23)
    at Parser._parsePacket (C:\Users\14253\Desktop\react-axios\node_modules\mysql\lib\protocol\Parser.js:433:10)
    at Parser.write (C:\Users\14253\Desktop\react-axios\node_modules\mysql\lib\protocol\Parser.js:43:10)
    at Protocol.write (C:\Users\14253\Desktop\react-axios\node_modules\mysql\lib\protocol\Protocol.js:38:16)
    at Socket.<anonymous> (C:\Users\14253\Desktop\react-axios\node_modules\mysql\lib\Connection.js:88:28)
    at Socket.<anonymous> (C:\Users\14253\Desktop\react-axios\node_modules\mysql\lib\Connection.js:526:10)
    at Socket.emit (node:events:513:28)
    at addChunk (node:internal/streams/readable:315:12)
    --------------------
    at Pool.query (C:\Users\14253\Desktop\react-axios\node_modules\mysql\lib\Pool.js:199:23)
    at C:\Users\14253\Desktop\react-axios\node_modules\pify\index.js:29:7
    at new Promise (<anonymous>)
    at Pool.<anonymous> (C:\Users\14253\Desktop\react-axios\node_modules\pify\index.js:12:10)
    at Pool.ret [as query] (C:\Users\14253\Desktop\react-axios\node_modules\pify\index.js:56:34)
    at RDSClient.proto._query (C:\Users\14253\Desktop\react-axios\node_modules\ali-rds\lib\client.js:38:20)
    at RDSClient.proto.query (C:\Users\14253\Desktop\react-axios\node_modules\ali-rds\lib\operator.js:54:29)
    at proto.query.next (<anonymous>)
    at onFulfilled (C:\Users\14253\Desktop\react-axios\node_modules\co\index.js:65:19)
    at C:\Users\14253\Desktop\react-axios\node_modules\co\index.js:54:5
    sql: select * from collection where fid='7'anduid='5'
code: "ER_PARSE_ERROR"
errno: 1064
sqlMessage: "You have an error in your SQL syntax; check the manual that corresponds to your MySQL server version for the right syntax to use near 'anduid='5'' at line 1"
sqlState: "42000"
index: 0
sql: "select * from collection where fid='7'anduid='5'"
headers: {"Access-Control-Allow-Origin":"http://localhost:3000","Access-Control-Allow-Credentials":"true","vary":"Origin"}
name: "ER_PARSE_ERRORError"
pid: 17320
hostname: LAPTOP-NBMKVM82

2022-11-26 16:34:46,530 ERROR 8356 [-/::1/-/4ms GET /addcollect.do?fid=15&uid=5] nodejs.ER_PARSE_ERRORError: ER_PARSE_ERROR: You have an error in your SQL syntax; check the manual that corresponds to your MySQL server version for the right syntax to use near '")' at line 1
    at Query.Sequence._packetToError (C:\Users\14253\Desktop\react-axios\node_modules\mysql\lib\protocol\sequences\Sequence.js:47:14)
    at Query.ErrorPacket (C:\Users\14253\Desktop\react-axios\node_modules\mysql\lib\protocol\sequences\Query.js:79:18)
    at Protocol._parsePacket (C:\Users\14253\Desktop\react-axios\node_modules\mysql\lib\protocol\Protocol.js:291:23)
    at Parser._parsePacket (C:\Users\14253\Desktop\react-axios\node_modules\mysql\lib\protocol\Parser.js:433:10)
    at Parser.write (C:\Users\14253\Desktop\react-axios\node_modules\mysql\lib\protocol\Parser.js:43:10)
    at Protocol.write (C:\Users\14253\Desktop\react-axios\node_modules\mysql\lib\protocol\Protocol.js:38:16)
    at Socket.<anonymous> (C:\Users\14253\Desktop\react-axios\node_modules\mysql\lib\Connection.js:88:28)
    at Socket.<anonymous> (C:\Users\14253\Desktop\react-axios\node_modules\mysql\lib\Connection.js:526:10)
    at Socket.emit (node:events:513:28)
    at addChunk (node:internal/streams/readable:315:12)
    --------------------
    at Pool.query (C:\Users\14253\Desktop\react-axios\node_modules\mysql\lib\Pool.js:199:23)
    at C:\Users\14253\Desktop\react-axios\node_modules\pify\index.js:29:7
    at new Promise (<anonymous>)
    at Pool.<anonymous> (C:\Users\14253\Desktop\react-axios\node_modules\pify\index.js:12:10)
    at Pool.ret [as query] (C:\Users\14253\Desktop\react-axios\node_modules\pify\index.js:56:34)
    at RDSClient.proto._query (C:\Users\14253\Desktop\react-axios\node_modules\ali-rds\lib\client.js:38:20)
    at RDSClient.proto.query (C:\Users\14253\Desktop\react-axios\node_modules\ali-rds\lib\operator.js:54:29)
    at proto.query.next (<anonymous>)
    at onFulfilled (C:\Users\14253\Desktop\react-axios\node_modules\co\index.js:65:19)
    at C:\Users\14253\Desktop\react-axios\node_modules\co\index.js:54:5
    sql: insert into collection(fid,uid)values('15',")
code: "ER_PARSE_ERROR"
errno: 1064
sqlMessage: "You have an error in your SQL syntax; check the manual that corresponds to your MySQL server version for the right syntax to use near '\")' at line 1"
sqlState: "42000"
index: 0
sql: "insert into collection(fid,uid)values('15',\")"
headers: {"Access-Control-Allow-Origin":"http://localhost:3000","Access-Control-Allow-Credentials":"true","vary":"Origin"}
name: "ER_PARSE_ERRORError"
pid: 8356
hostname: LAPTOP-NBMKVM82

2022-11-26 16:35:16,453 ERROR 8356 [-/::1/-/1ms GET /addcollect.do?fid=15&uid=5] nodejs.ER_PARSE_ERRORError: ER_PARSE_ERROR: You have an error in your SQL syntax; check the manual that corresponds to your MySQL server version for the right syntax to use near '")' at line 1
    at Query.Sequence._packetToError (C:\Users\14253\Desktop\react-axios\node_modules\mysql\lib\protocol\sequences\Sequence.js:47:14)
    at Query.ErrorPacket (C:\Users\14253\Desktop\react-axios\node_modules\mysql\lib\protocol\sequences\Query.js:79:18)
    at Protocol._parsePacket (C:\Users\14253\Desktop\react-axios\node_modules\mysql\lib\protocol\Protocol.js:291:23)
    at Parser._parsePacket (C:\Users\14253\Desktop\react-axios\node_modules\mysql\lib\protocol\Parser.js:433:10)
    at Parser.write (C:\Users\14253\Desktop\react-axios\node_modules\mysql\lib\protocol\Parser.js:43:10)
    at Protocol.write (C:\Users\14253\Desktop\react-axios\node_modules\mysql\lib\protocol\Protocol.js:38:16)
    at Socket.<anonymous> (C:\Users\14253\Desktop\react-axios\node_modules\mysql\lib\Connection.js:88:28)
    at Socket.<anonymous> (C:\Users\14253\Desktop\react-axios\node_modules\mysql\lib\Connection.js:526:10)
    at Socket.emit (node:events:513:28)
    at addChunk (node:internal/streams/readable:315:12)
    --------------------
    at Pool.query (C:\Users\14253\Desktop\react-axios\node_modules\mysql\lib\Pool.js:199:23)
    at C:\Users\14253\Desktop\react-axios\node_modules\pify\index.js:29:7
    at new Promise (<anonymous>)
    at Pool.<anonymous> (C:\Users\14253\Desktop\react-axios\node_modules\pify\index.js:12:10)
    at Pool.ret [as query] (C:\Users\14253\Desktop\react-axios\node_modules\pify\index.js:56:34)
    at RDSClient.proto._query (C:\Users\14253\Desktop\react-axios\node_modules\ali-rds\lib\client.js:38:20)
    at RDSClient.proto.query (C:\Users\14253\Desktop\react-axios\node_modules\ali-rds\lib\operator.js:54:29)
    at proto.query.next (<anonymous>)
    at onFulfilled (C:\Users\14253\Desktop\react-axios\node_modules\co\index.js:65:19)
    at C:\Users\14253\Desktop\react-axios\node_modules\co\index.js:54:5
    sql: insert into collection(fid,uid)values('15',")
code: "ER_PARSE_ERROR"
errno: 1064
sqlMessage: "You have an error in your SQL syntax; check the manual that corresponds to your MySQL server version for the right syntax to use near '\")' at line 1"
sqlState: "42000"
index: 0
sql: "insert into collection(fid,uid)values('15',\")"
headers: {"Access-Control-Allow-Origin":"http://localhost:3000","Access-Control-Allow-Credentials":"true","vary":"Origin"}
name: "ER_PARSE_ERRORError"
pid: 8356
hostname: LAPTOP-NBMKVM82

2022-11-28 11:46:05,155 ERROR 6764 [-/::1/-/9ms GET /foodcollection.do?uid=1] nodejs.ER_PARSE_ERRORError: ER_PARSE_ERROR: You have an error in your SQL syntax; check the manual that corresponds to your MySQL server version for the right syntax to use near 'from collection where uid='1'and fid is not null' at line 1
    at Query.Sequence._packetToError (C:\Users\14253\Desktop\react-axios\node_modules\mysql\lib\protocol\sequences\Sequence.js:47:14)
    at Query.ErrorPacket (C:\Users\14253\Desktop\react-axios\node_modules\mysql\lib\protocol\sequences\Query.js:79:18)
    at Protocol._parsePacket (C:\Users\14253\Desktop\react-axios\node_modules\mysql\lib\protocol\Protocol.js:291:23)
    at Parser._parsePacket (C:\Users\14253\Desktop\react-axios\node_modules\mysql\lib\protocol\Parser.js:433:10)
    at Parser.write (C:\Users\14253\Desktop\react-axios\node_modules\mysql\lib\protocol\Parser.js:43:10)
    at Protocol.write (C:\Users\14253\Desktop\react-axios\node_modules\mysql\lib\protocol\Protocol.js:38:16)
    at Socket.<anonymous> (C:\Users\14253\Desktop\react-axios\node_modules\mysql\lib\Connection.js:88:28)
    at Socket.<anonymous> (C:\Users\14253\Desktop\react-axios\node_modules\mysql\lib\Connection.js:526:10)
    at Socket.emit (node:events:513:28)
    at addChunk (node:internal/streams/readable:315:12)
    --------------------
    at Pool.query (C:\Users\14253\Desktop\react-axios\node_modules\mysql\lib\Pool.js:199:23)
    at C:\Users\14253\Desktop\react-axios\node_modules\pify\index.js:29:7
    at new Promise (<anonymous>)
    at Pool.<anonymous> (C:\Users\14253\Desktop\react-axios\node_modules\pify\index.js:12:10)
    at Pool.ret [as query] (C:\Users\14253\Desktop\react-axios\node_modules\pify\index.js:56:34)
    at RDSClient.proto._query (C:\Users\14253\Desktop\react-axios\node_modules\ali-rds\lib\client.js:38:20)
    at RDSClient.proto.query (C:\Users\14253\Desktop\react-axios\node_modules\ali-rds\lib\operator.js:54:29)
    at proto.query.next (<anonymous>)
    at onFulfilled (C:\Users\14253\Desktop\react-axios\node_modules\co\index.js:65:19)
    at C:\Users\14253\Desktop\react-axios\node_modules\co\index.js:54:5
    sql: select from collection where uid='1'and fid is not null
code: "ER_PARSE_ERROR"
errno: 1064
sqlMessage: "You have an error in your SQL syntax; check the manual that corresponds to your MySQL server version for the right syntax to use near 'from collection where uid='1'and fid is not null' at line 1"
sqlState: "42000"
index: 0
sql: "select from collection where uid='1'and fid is not null"
headers: {"Access-Control-Allow-Origin":"https://getman.cn","Access-Control-Allow-Credentials":"true","vary":"Origin"}
name: "ER_PARSE_ERRORError"
pid: 6764
hostname: LAPTOP-NBMKVM82

