2022-11-23 11:31:54,393 INFO 19592 [egg-schedule]: register schedule C:\Users\14253\Desktop\react-axios\node_modules\egg-multipart\app\schedule\clean_tmpdir.js
2022-11-23 11:31:54,393 INFO 19592 [egg-schedule]: register schedule C:\Users\14253\Desktop\react-axios\node_modules\egg-logrotator\app\schedule\clean_log.js
2022-11-23 11:31:54,393 INFO 19592 [egg-schedule]: register schedule C:\Users\14253\Desktop\react-axios\node_modules\egg-logrotator\app\schedule\rotate_by_file.js
2022-11-23 11:31:54,587 INFO 13868 [Timer] C:\Users\14253\Desktop\react-axios\node_modules\egg-multipart\app\schedule\clean_tmpdir.js next time will execute after 61085416ms at 2022-11-24 04:30:00.003
2022-11-23 11:31:54,587 INFO 13868 [Timer] C:\Users\14253\Desktop\react-axios\node_modules\egg-logrotator\app\schedule\clean_log.js next time will execute after 44885413ms at 2022-11-24 00:00:00.000
2022-11-23 11:31:54,588 INFO 13868 [Timer] C:\Users\14253\Desktop\react-axios\node_modules\egg-logrotator\app\schedule\rotate_by_file.js next time will execute after 44886413ms at 2022-11-24 00:00:01.001
2022-11-23 11:41:13,505 INFO 18168 [egg-schedule]: register schedule C:\Users\14253\Desktop\react-axios\node_modules\egg-multipart\app\schedule\clean_tmpdir.js
2022-11-23 11:41:13,505 INFO 18168 [egg-schedule]: register schedule C:\Users\14253\Desktop\react-axios\node_modules\egg-logrotator\app\schedule\clean_log.js
2022-11-23 11:41:13,505 INFO 18168 [egg-schedule]: register schedule C:\Users\14253\Desktop\react-axios\node_modules\egg-logrotator\app\schedule\rotate_by_file.js
2022-11-23 11:42:06,921 INFO 10336 [egg-schedule]: register schedule C:\Users\14253\Desktop\react-axios\node_modules\egg-multipart\app\schedule\clean_tmpdir.js
2022-11-23 11:42:06,921 INFO 10336 [egg-schedule]: register schedule C:\Users\14253\Desktop\react-axios\node_modules\egg-logrotator\app\schedule\clean_log.js
2022-11-23 11:42:06,921 INFO 10336 [egg-schedule]: register schedule C:\Users\14253\Desktop\react-axios\node_modules\egg-logrotator\app\schedule\rotate_by_file.js
2022-11-23 11:42:12,155 INFO 19400 [egg-schedule]: register schedule C:\Users\14253\Desktop\react-axios\node_modules\egg-multipart\app\schedule\clean_tmpdir.js
2022-11-23 11:42:12,155 INFO 19400 [egg-schedule]: register schedule C:\Users\14253\Desktop\react-axios\node_modules\egg-logrotator\app\schedule\clean_log.js
2022-11-23 11:42:12,155 INFO 19400 [egg-schedule]: register schedule C:\Users\14253\Desktop\react-axios\node_modules\egg-logrotator\app\schedule\rotate_by_file.js
2022-11-23 11:42:27,386 INFO 18464 [egg-schedule]: register schedule C:\Users\14253\Desktop\react-axios\node_modules\egg-multipart\app\schedule\clean_tmpdir.js
2022-11-23 11:42:27,386 INFO 18464 [egg-schedule]: register schedule C:\Users\14253\Desktop\react-axios\node_modules\egg-logrotator\app\schedule\clean_log.js
2022-11-23 11:42:27,386 INFO 18464 [egg-schedule]: register schedule C:\Users\14253\Desktop\react-axios\node_modules\egg-logrotator\app\schedule\rotate_by_file.js
2022-11-23 11:42:39,562 INFO 18276 [egg-schedule]: register schedule C:\Users\14253\Desktop\react-axios\node_modules\egg-multipart\app\schedule\clean_tmpdir.js
2022-11-23 11:42:39,562 INFO 18276 [egg-schedule]: register schedule C:\Users\14253\Desktop\react-axios\node_modules\egg-logrotator\app\schedule\clean_log.js
2022-11-23 11:42:39,563 INFO 18276 [egg-schedule]: register schedule C:\Users\14253\Desktop\react-axios\node_modules\egg-logrotator\app\schedule\rotate_by_file.js
2022-11-23 11:43:58,597 INFO 19128 [egg-schedule]: register schedule C:\Users\14253\Desktop\react-axios\node_modules\egg-multipart\app\schedule\clean_tmpdir.js
2022-11-23 11:43:58,597 INFO 19128 [egg-schedule]: register schedule C:\Users\14253\Desktop\react-axios\node_modules\egg-logrotator\app\schedule\clean_log.js
2022-11-23 11:43:58,597 INFO 19128 [egg-schedule]: register schedule C:\Users\14253\Desktop\react-axios\node_modules\egg-logrotator\app\schedule\rotate_by_file.js
2022-11-23 11:44:26,569 INFO 12528 [egg-schedule]: register schedule C:\Users\14253\Desktop\react-axios\node_modules\egg-multipart\app\schedule\clean_tmpdir.js
2022-11-23 11:44:26,569 INFO 12528 [egg-schedule]: register schedule C:\Users\14253\Desktop\react-axios\node_modules\egg-logrotator\app\schedule\clean_log.js
2022-11-23 11:44:26,569 INFO 12528 [egg-schedule]: register schedule C:\Users\14253\Desktop\react-axios\node_modules\egg-logrotator\app\schedule\rotate_by_file.js
2022-11-23 11:47:58,861 INFO 2128 [egg-schedule]: register schedule C:\Users\14253\Desktop\react-axios\node_modules\egg-multipart\app\schedule\clean_tmpdir.js
2022-11-23 11:47:58,861 INFO 2128 [egg-schedule]: register schedule C:\Users\14253\Desktop\react-axios\node_modules\egg-logrotator\app\schedule\clean_log.js
2022-11-23 11:47:58,861 INFO 2128 [egg-schedule]: register schedule C:\Users\14253\Desktop\react-axios\node_modules\egg-logrotator\app\schedule\rotate_by_file.js
2022-11-23 11:48:56,844 INFO 15644 [egg-schedule]: register schedule C:\Users\14253\Desktop\react-axios\node_modules\egg-multipart\app\schedule\clean_tmpdir.js
2022-11-23 11:48:56,844 INFO 15644 [egg-schedule]: register schedule C:\Users\14253\Desktop\react-axios\node_modules\egg-logrotator\app\schedule\clean_log.js
2022-11-23 11:48:56,845 INFO 15644 [egg-schedule]: register schedule C:\Users\14253\Desktop\react-axios\node_modules\egg-logrotator\app\schedule\rotate_by_file.js
2022-11-23 11:54:46,869 INFO 17368 [egg-schedule]: register schedule C:\Users\14253\Desktop\react-axios\node_modules\egg-multipart\app\schedule\clean_tmpdir.js
2022-11-23 11:54:46,869 INFO 17368 [egg-schedule]: register schedule C:\Users\14253\Desktop\react-axios\node_modules\egg-logrotator\app\schedule\clean_log.js
2022-11-23 11:54:46,869 INFO 17368 [egg-schedule]: register schedule C:\Users\14253\Desktop\react-axios\node_modules\egg-logrotator\app\schedule\rotate_by_file.js
2022-11-23 11:54:49,252 INFO 13200 [egg-schedule]: register schedule C:\Users\14253\Desktop\react-axios\node_modules\egg-multipart\app\schedule\clean_tmpdir.js
2022-11-23 11:54:49,252 INFO 13200 [egg-schedule]: register schedule C:\Users\14253\Desktop\react-axios\node_modules\egg-logrotator\app\schedule\clean_log.js
2022-11-23 11:54:49,252 INFO 13200 [egg-schedule]: register schedule C:\Users\14253\Desktop\react-axios\node_modules\egg-logrotator\app\schedule\rotate_by_file.js
2022-11-23 11:55:48,322 INFO 14752 [egg-schedule]: register schedule C:\Users\14253\Desktop\react-axios\node_modules\egg-multipart\app\schedule\clean_tmpdir.js
2022-11-23 11:55:48,322 INFO 14752 [egg-schedule]: register schedule C:\Users\14253\Desktop\react-axios\node_modules\egg-logrotator\app\schedule\clean_log.js
2022-11-23 11:55:48,322 INFO 14752 [egg-schedule]: register schedule C:\Users\14253\Desktop\react-axios\node_modules\egg-logrotator\app\schedule\rotate_by_file.js
2022-11-23 11:56:38,712 INFO 12872 [egg-schedule]: register schedule C:\Users\14253\Desktop\react-axios\node_modules\egg-multipart\app\schedule\clean_tmpdir.js
2022-11-23 11:56:38,712 INFO 12872 [egg-schedule]: register schedule C:\Users\14253\Desktop\react-axios\node_modules\egg-logrotator\app\schedule\clean_log.js
2022-11-23 11:56:38,712 INFO 12872 [egg-schedule]: register schedule C:\Users\14253\Desktop\react-axios\node_modules\egg-logrotator\app\schedule\rotate_by_file.js
2022-11-23 11:58:10,193 INFO 15776 [Timer] C:\Users\14253\Desktop\react-axios\node_modules\egg-multipart\app\schedule\clean_tmpdir.js next time will execute after 59509810ms at 2022-11-24 04:30:00.003
2022-11-23 11:58:10,194 INFO 15776 [Timer] C:\Users\14253\Desktop\react-axios\node_modules\egg-logrotator\app\schedule\clean_log.js next time will execute after 43309806ms at 2022-11-24 00:00:00.000
2022-11-23 11:58:10,194 INFO 15776 [Timer] C:\Users\14253\Desktop\react-axios\node_modules\egg-logrotator\app\schedule\rotate_by_file.js next time will execute after 43310806ms at 2022-11-24 00:00:01.000
2022-11-23 11:58:10,005 INFO 9832 [egg-schedule]: register schedule C:\Users\14253\Desktop\react-axios\node_modules\egg-multipart\app\schedule\clean_tmpdir.js
2022-11-23 11:58:10,005 INFO 9832 [egg-schedule]: register schedule C:\Users\14253\Desktop\react-axios\node_modules\egg-logrotator\app\schedule\clean_log.js
2022-11-23 11:58:10,005 INFO 9832 [egg-schedule]: register schedule C:\Users\14253\Desktop\react-axios\node_modules\egg-logrotator\app\schedule\rotate_by_file.js
2022-11-23 11:58:45,260 INFO 4256 [egg-schedule]: register schedule C:\Users\14253\Desktop\react-axios\node_modules\egg-multipart\app\schedule\clean_tmpdir.js
2022-11-23 11:58:45,260 INFO 4256 [egg-schedule]: register schedule C:\Users\14253\Desktop\react-axios\node_modules\egg-logrotator\app\schedule\clean_log.js
2022-11-23 11:58:45,260 INFO 4256 [egg-schedule]: register schedule C:\Users\14253\Desktop\react-axios\node_modules\egg-logrotator\app\schedule\rotate_by_file.js
2022-11-23 11:59:20,855 INFO 5564 [egg-schedule]: register schedule C:\Users\14253\Desktop\react-axios\node_modules\egg-multipart\app\schedule\clean_tmpdir.js
2022-11-23 11:59:20,855 INFO 5564 [egg-schedule]: register schedule C:\Users\14253\Desktop\react-axios\node_modules\egg-logrotator\app\schedule\clean_log.js
2022-11-23 11:59:20,855 INFO 5564 [egg-schedule]: register schedule C:\Users\14253\Desktop\react-axios\node_modules\egg-logrotator\app\schedule\rotate_by_file.js
2022-11-23 12:50:09,210 INFO 13176 [egg-schedule]: register schedule C:\Users\14253\Desktop\react-axios\node_modules\egg-multipart\app\schedule\clean_tmpdir.js
2022-11-23 12:50:09,210 INFO 13176 [egg-schedule]: register schedule C:\Users\14253\Desktop\react-axios\node_modules\egg-logrotator\app\schedule\clean_log.js
2022-11-23 12:50:09,210 INFO 13176 [egg-schedule]: register schedule C:\Users\14253\Desktop\react-axios\node_modules\egg-logrotator\app\schedule\rotate_by_file.js
2022-11-23 12:50:11,205 INFO 9368 [egg-schedule]: register schedule C:\Users\14253\Desktop\react-axios\node_modules\egg-multipart\app\schedule\clean_tmpdir.js
2022-11-23 12:50:11,205 INFO 9368 [egg-schedule]: register schedule C:\Users\14253\Desktop\react-axios\node_modules\egg-logrotator\app\schedule\clean_log.js
2022-11-23 12:50:11,205 INFO 9368 [egg-schedule]: register schedule C:\Users\14253\Desktop\react-axios\node_modules\egg-logrotator\app\schedule\rotate_by_file.js
2022-11-23 12:50:12,023 INFO 19108 [egg-schedule]: register schedule C:\Users\14253\Desktop\react-axios\node_modules\egg-multipart\app\schedule\clean_tmpdir.js
2022-11-23 12:50:12,023 INFO 19108 [egg-schedule]: register schedule C:\Users\14253\Desktop\react-axios\node_modules\egg-logrotator\app\schedule\clean_log.js
2022-11-23 12:50:12,023 INFO 19108 [egg-schedule]: register schedule C:\Users\14253\Desktop\react-axios\node_modules\egg-logrotator\app\schedule\rotate_by_file.js
2022-11-23 12:50:13,783 INFO 6244 [egg-schedule]: register schedule C:\Users\14253\Desktop\react-axios\node_modules\egg-multipart\app\schedule\clean_tmpdir.js
2022-11-23 12:50:13,783 INFO 6244 [egg-schedule]: register schedule C:\Users\14253\Desktop\react-axios\node_modules\egg-logrotator\app\schedule\clean_log.js
2022-11-23 12:50:13,783 INFO 6244 [egg-schedule]: register schedule C:\Users\14253\Desktop\react-axios\node_modules\egg-logrotator\app\schedule\rotate_by_file.js
2022-11-23 13:50:29,853 INFO 12160 [egg-schedule]: register schedule C:\Users\14253\Desktop\react-axios\node_modules\egg-multipart\app\schedule\clean_tmpdir.js
2022-11-23 13:50:29,853 INFO 12160 [egg-schedule]: register schedule C:\Users\14253\Desktop\react-axios\node_modules\egg-logrotator\app\schedule\clean_log.js
2022-11-23 13:50:29,853 INFO 12160 [egg-schedule]: register schedule C:\Users\14253\Desktop\react-axios\node_modules\egg-logrotator\app\schedule\rotate_by_file.js
2022-11-23 13:50:31,782 INFO 5844 [egg-schedule]: register schedule C:\Users\14253\Desktop\react-axios\node_modules\egg-multipart\app\schedule\clean_tmpdir.js
2022-11-23 13:50:31,782 INFO 5844 [egg-schedule]: register schedule C:\Users\14253\Desktop\react-axios\node_modules\egg-logrotator\app\schedule\clean_log.js
2022-11-23 13:50:31,783 INFO 5844 [egg-schedule]: register schedule C:\Users\14253\Desktop\react-axios\node_modules\egg-logrotator\app\schedule\rotate_by_file.js
2022-11-23 13:58:13,691 INFO 5564 [egg-schedule]: register schedule C:\Users\14253\Desktop\react-axios\node_modules\egg-multipart\app\schedule\clean_tmpdir.js
2022-11-23 13:58:13,691 INFO 5564 [egg-schedule]: register schedule C:\Users\14253\Desktop\react-axios\node_modules\egg-logrotator\app\schedule\clean_log.js
2022-11-23 13:58:13,691 INFO 5564 [egg-schedule]: register schedule C:\Users\14253\Desktop\react-axios\node_modules\egg-logrotator\app\schedule\rotate_by_file.js
2022-11-23 14:00:18,833 INFO 12324 [egg-schedule]: register schedule C:\Users\14253\Desktop\react-axios\node_modules\egg-multipart\app\schedule\clean_tmpdir.js
2022-11-23 14:00:18,833 INFO 12324 [egg-schedule]: register schedule C:\Users\14253\Desktop\react-axios\node_modules\egg-logrotator\app\schedule\clean_log.js
2022-11-23 14:00:18,833 INFO 12324 [egg-schedule]: register schedule C:\Users\14253\Desktop\react-axios\node_modules\egg-logrotator\app\schedule\rotate_by_file.js
2022-11-23 17:17:03,608 INFO 11040 [egg-schedule]: register schedule C:\Users\14253\Desktop\react-axios\node_modules\egg-multipart\app\schedule\clean_tmpdir.js
2022-11-23 17:17:03,608 INFO 11040 [egg-schedule]: register schedule C:\Users\14253\Desktop\react-axios\node_modules\egg-logrotator\app\schedule\clean_log.js
2022-11-23 17:17:03,608 INFO 11040 [egg-schedule]: register schedule C:\Users\14253\Desktop\react-axios\node_modules\egg-logrotator\app\schedule\rotate_by_file.js
2022-11-23 17:17:04,676 INFO 6704 [egg-schedule]: register schedule C:\Users\14253\Desktop\react-axios\node_modules\egg-multipart\app\schedule\clean_tmpdir.js
2022-11-23 17:17:04,676 INFO 6704 [egg-schedule]: register schedule C:\Users\14253\Desktop\react-axios\node_modules\egg-logrotator\app\schedule\clean_log.js
2022-11-23 17:17:04,677 INFO 6704 [egg-schedule]: register schedule C:\Users\14253\Desktop\react-axios\node_modules\egg-logrotator\app\schedule\rotate_by_file.js
2022-11-24 14:02:48,738 INFO 18744 [Timer] C:\Users\14253\Desktop\react-axios\node_modules\egg-multipart\app\schedule\clean_tmpdir.js next time will execute after 52031265ms at 2022-11-25 04:30:00.003
2022-11-24 14:02:48,738 INFO 18744 [Timer] C:\Users\14253\Desktop\react-axios\node_modules\egg-logrotator\app\schedule\clean_log.js next time will execute after 35831262ms at 2022-11-25 00:00:00.000
2022-11-24 14:02:48,738 INFO 18744 [Timer] C:\Users\14253\Desktop\react-axios\node_modules\egg-logrotator\app\schedule\rotate_by_file.js next time will execute after 35832262ms at 2022-11-25 00:00:01.000
2022-11-24 14:02:48,342 INFO 9144 [egg-schedule]: register schedule C:\Users\14253\Desktop\react-axios\node_modules\egg-multipart\app\schedule\clean_tmpdir.js
2022-11-24 14:02:48,342 INFO 9144 [egg-schedule]: register schedule C:\Users\14253\Desktop\react-axios\node_modules\egg-logrotator\app\schedule\clean_log.js
2022-11-24 14:02:48,342 INFO 9144 [egg-schedule]: register schedule C:\Users\14253\Desktop\react-axios\node_modules\egg-logrotator\app\schedule\rotate_by_file.js
2022-11-24 14:02:49,545 INFO 7116 [egg-schedule]: register schedule C:\Users\14253\Desktop\react-axios\node_modules\egg-multipart\app\schedule\clean_tmpdir.js
2022-11-24 14:02:49,545 INFO 7116 [egg-schedule]: register schedule C:\Users\14253\Desktop\react-axios\node_modules\egg-logrotator\app\schedule\clean_log.js
2022-11-24 14:02:49,545 INFO 7116 [egg-schedule]: register schedule C:\Users\14253\Desktop\react-axios\node_modules\egg-logrotator\app\schedule\rotate_by_file.js
2022-11-24 15:55:41,928 INFO 484 [egg-schedule]: register schedule C:\Users\14253\Desktop\react-axios\node_modules\egg-multipart\app\schedule\clean_tmpdir.js
2022-11-24 15:55:41,928 INFO 484 [egg-schedule]: register schedule C:\Users\14253\Desktop\react-axios\node_modules\egg-logrotator\app\schedule\clean_log.js
2022-11-24 15:55:41,928 INFO 484 [egg-schedule]: register schedule C:\Users\14253\Desktop\react-axios\node_modules\egg-logrotator\app\schedule\rotate_by_file.js
2022-11-24 15:55:43,172 INFO 17268 [egg-schedule]: register schedule C:\Users\14253\Desktop\react-axios\node_modules\egg-multipart\app\schedule\clean_tmpdir.js
2022-11-24 15:55:43,172 INFO 17268 [egg-schedule]: register schedule C:\Users\14253\Desktop\react-axios\node_modules\egg-logrotator\app\schedule\clean_log.js
2022-11-24 15:55:43,172 INFO 17268 [egg-schedule]: register schedule C:\Users\14253\Desktop\react-axios\node_modules\egg-logrotator\app\schedule\rotate_by_file.js
2022-11-24 15:56:24,237 INFO 3056 [egg-schedule]: register schedule C:\Users\14253\Desktop\react-axios\node_modules\egg-multipart\app\schedule\clean_tmpdir.js
2022-11-24 15:56:24,237 INFO 3056 [egg-schedule]: register schedule C:\Users\14253\Desktop\react-axios\node_modules\egg-logrotator\app\schedule\clean_log.js
2022-11-24 15:56:24,237 INFO 3056 [egg-schedule]: register schedule C:\Users\14253\Desktop\react-axios\node_modules\egg-logrotator\app\schedule\rotate_by_file.js
2022-11-24 15:56:41,124 INFO 7872 [egg-schedule]: register schedule C:\Users\14253\Desktop\react-axios\node_modules\egg-multipart\app\schedule\clean_tmpdir.js
2022-11-24 15:56:41,124 INFO 7872 [egg-schedule]: register schedule C:\Users\14253\Desktop\react-axios\node_modules\egg-logrotator\app\schedule\clean_log.js
2022-11-24 15:56:41,124 INFO 7872 [egg-schedule]: register schedule C:\Users\14253\Desktop\react-axios\node_modules\egg-logrotator\app\schedule\rotate_by_file.js
2022-11-24 17:01:22,972 INFO 8412 [egg-schedule]: register schedule C:\Users\14253\Desktop\react-axios\node_modules\egg-multipart\app\schedule\clean_tmpdir.js
2022-11-24 17:01:22,972 INFO 8412 [egg-schedule]: register schedule C:\Users\14253\Desktop\react-axios\node_modules\egg-logrotator\app\schedule\clean_log.js
2022-11-24 17:01:22,973 INFO 8412 [egg-schedule]: register schedule C:\Users\14253\Desktop\react-axios\node_modules\egg-logrotator\app\schedule\rotate_by_file.js
2022-11-24 17:01:25,151 INFO 19980 [egg-schedule]: register schedule C:\Users\14253\Desktop\react-axios\node_modules\egg-multipart\app\schedule\clean_tmpdir.js
2022-11-24 17:01:25,152 INFO 19980 [egg-schedule]: register schedule C:\Users\14253\Desktop\react-axios\node_modules\egg-logrotator\app\schedule\clean_log.js
2022-11-24 17:01:25,152 INFO 19980 [egg-schedule]: register schedule C:\Users\14253\Desktop\react-axios\node_modules\egg-logrotator\app\schedule\rotate_by_file.js
2022-11-24 17:02:24,237 INFO 3912 [egg-schedule]: register schedule C:\Users\14253\Desktop\react-axios\node_modules\egg-multipart\app\schedule\clean_tmpdir.js
2022-11-24 17:02:24,237 INFO 3912 [egg-schedule]: register schedule C:\Users\14253\Desktop\react-axios\node_modules\egg-logrotator\app\schedule\clean_log.js
2022-11-24 17:02:24,237 INFO 3912 [egg-schedule]: register schedule C:\Users\14253\Desktop\react-axios\node_modules\egg-logrotator\app\schedule\rotate_by_file.js
2022-11-24 17:02:48,617 INFO 11316 [egg-schedule]: register schedule C:\Users\14253\Desktop\react-axios\node_modules\egg-multipart\app\schedule\clean_tmpdir.js
2022-11-24 17:02:48,617 INFO 11316 [egg-schedule]: register schedule C:\Users\14253\Desktop\react-axios\node_modules\egg-logrotator\app\schedule\clean_log.js
2022-11-24 17:02:48,617 INFO 11316 [egg-schedule]: register schedule C:\Users\14253\Desktop\react-axios\node_modules\egg-logrotator\app\schedule\rotate_by_file.js
2022-11-24 17:03:05,881 INFO 1968 [egg-schedule]: register schedule C:\Users\14253\Desktop\react-axios\node_modules\egg-multipart\app\schedule\clean_tmpdir.js
2022-11-24 17:03:05,881 INFO 1968 [egg-schedule]: register schedule C:\Users\14253\Desktop\react-axios\node_modules\egg-logrotator\app\schedule\clean_log.js
2022-11-24 17:03:05,881 INFO 1968 [egg-schedule]: register schedule C:\Users\14253\Desktop\react-axios\node_modules\egg-logrotator\app\schedule\rotate_by_file.js
2022-11-24 17:12:20,772 INFO 8764 [Timer] C:\Users\14253\Desktop\react-axios\node_modules\egg-multipart\app\schedule\clean_tmpdir.js next time will execute after 40659231ms at 2022-11-25 04:30:00.003
2022-11-24 17:12:20,773 INFO 8764 [Timer] C:\Users\14253\Desktop\react-axios\node_modules\egg-logrotator\app\schedule\clean_log.js next time will execute after 24459227ms at 2022-11-25 00:00:00.000
2022-11-24 17:12:20,773 INFO 8764 [Timer] C:\Users\14253\Desktop\react-axios\node_modules\egg-logrotator\app\schedule\rotate_by_file.js next time will execute after 24460227ms at 2022-11-25 00:00:01.000
2022-11-24 17:12:20,571 INFO 8320 [egg-schedule]: register schedule C:\Users\14253\Desktop\react-axios\node_modules\egg-multipart\app\schedule\clean_tmpdir.js
2022-11-24 17:12:20,571 INFO 8320 [egg-schedule]: register schedule C:\Users\14253\Desktop\react-axios\node_modules\egg-logrotator\app\schedule\clean_log.js
2022-11-24 17:12:20,571 INFO 8320 [egg-schedule]: register schedule C:\Users\14253\Desktop\react-axios\node_modules\egg-logrotator\app\schedule\rotate_by_file.js
2022-11-24 22:47:29,027 INFO 17068 [egg-schedule]: register schedule C:\Users\14253\Desktop\react-axios\node_modules\egg-multipart\app\schedule\clean_tmpdir.js
2022-11-24 22:47:29,027 INFO 17068 [egg-schedule]: register schedule C:\Users\14253\Desktop\react-axios\node_modules\egg-logrotator\app\schedule\clean_log.js
2022-11-24 22:47:29,027 INFO 17068 [egg-schedule]: register schedule C:\Users\14253\Desktop\react-axios\node_modules\egg-logrotator\app\schedule\rotate_by_file.js
2022-11-24 22:47:30,450 INFO 2736 [egg-schedule]: register schedule C:\Users\14253\Desktop\react-axios\node_modules\egg-multipart\app\schedule\clean_tmpdir.js
2022-11-24 22:47:30,451 INFO 2736 [egg-schedule]: register schedule C:\Users\14253\Desktop\react-axios\node_modules\egg-logrotator\app\schedule\clean_log.js
2022-11-24 22:47:30,451 INFO 2736 [egg-schedule]: register schedule C:\Users\14253\Desktop\react-axios\node_modules\egg-logrotator\app\schedule\rotate_by_file.js
2022-11-24 22:47:32,228 INFO 15456 [egg-schedule]: register schedule C:\Users\14253\Desktop\react-axios\node_modules\egg-multipart\app\schedule\clean_tmpdir.js
2022-11-24 22:47:32,228 INFO 15456 [egg-schedule]: register schedule C:\Users\14253\Desktop\react-axios\node_modules\egg-logrotator\app\schedule\clean_log.js
2022-11-24 22:47:32,228 INFO 15456 [egg-schedule]: register schedule C:\Users\14253\Desktop\react-axios\node_modules\egg-logrotator\app\schedule\rotate_by_file.js
2022-11-24 22:48:38,526 INFO 16860 [egg-schedule]: register schedule C:\Users\14253\Desktop\react-axios\node_modules\egg-multipart\app\schedule\clean_tmpdir.js
2022-11-24 22:48:38,526 INFO 16860 [egg-schedule]: register schedule C:\Users\14253\Desktop\react-axios\node_modules\egg-logrotator\app\schedule\clean_log.js
2022-11-24 22:48:38,526 INFO 16860 [egg-schedule]: register schedule C:\Users\14253\Desktop\react-axios\node_modules\egg-logrotator\app\schedule\rotate_by_file.js
2022-11-24 22:48:48,400 INFO 20920 [egg-schedule]: register schedule C:\Users\14253\Desktop\react-axios\node_modules\egg-multipart\app\schedule\clean_tmpdir.js
2022-11-24 22:48:48,400 INFO 20920 [egg-schedule]: register schedule C:\Users\14253\Desktop\react-axios\node_modules\egg-logrotator\app\schedule\clean_log.js
2022-11-24 22:48:48,400 INFO 20920 [egg-schedule]: register schedule C:\Users\14253\Desktop\react-axios\node_modules\egg-logrotator\app\schedule\rotate_by_file.js
2022-11-24 22:49:24,681 INFO 8092 [egg-schedule]: register schedule C:\Users\14253\Desktop\react-axios\node_modules\egg-multipart\app\schedule\clean_tmpdir.js
2022-11-24 22:49:24,681 INFO 8092 [egg-schedule]: register schedule C:\Users\14253\Desktop\react-axios\node_modules\egg-logrotator\app\schedule\clean_log.js
2022-11-24 22:49:24,682 INFO 8092 [egg-schedule]: register schedule C:\Users\14253\Desktop\react-axios\node_modules\egg-logrotator\app\schedule\rotate_by_file.js
2022-11-24 22:49:36,029 INFO 12728 [egg-schedule]: register schedule C:\Users\14253\Desktop\react-axios\node_modules\egg-multipart\app\schedule\clean_tmpdir.js
2022-11-24 22:49:36,029 INFO 12728 [egg-schedule]: register schedule C:\Users\14253\Desktop\react-axios\node_modules\egg-logrotator\app\schedule\clean_log.js
2022-11-24 22:49:36,029 INFO 12728 [egg-schedule]: register schedule C:\Users\14253\Desktop\react-axios\node_modules\egg-logrotator\app\schedule\rotate_by_file.js
2022-11-25 13:44:07,358 INFO 9828 [Timer] C:\Users\14253\Desktop\react-axios\node_modules\egg-multipart\app\schedule\clean_tmpdir.js next time will execute after 53152645ms at 2022-11-26 04:30:00.003
2022-11-25 13:44:07,358 INFO 9828 [Timer] C:\Users\14253\Desktop\react-axios\node_modules\egg-logrotator\app\schedule\clean_log.js next time will execute after 36952642ms at 2022-11-26 00:00:00.000
2022-11-25 13:44:07,358 INFO 9828 [Timer] C:\Users\14253\Desktop\react-axios\node_modules\egg-logrotator\app\schedule\rotate_by_file.js next time will execute after 36953642ms at 2022-11-26 00:00:01.000
2022-11-25 13:44:07,123 INFO 14384 [egg-schedule]: register schedule C:\Users\14253\Desktop\react-axios\node_modules\egg-multipart\app\schedule\clean_tmpdir.js
2022-11-25 13:44:07,123 INFO 14384 [egg-schedule]: register schedule C:\Users\14253\Desktop\react-axios\node_modules\egg-logrotator\app\schedule\clean_log.js
2022-11-25 13:44:07,124 INFO 14384 [egg-schedule]: register schedule C:\Users\14253\Desktop\react-axios\node_modules\egg-logrotator\app\schedule\rotate_by_file.js
2022-11-25 13:44:08,241 INFO 20436 [egg-schedule]: register schedule C:\Users\14253\Desktop\react-axios\node_modules\egg-multipart\app\schedule\clean_tmpdir.js
2022-11-25 13:44:08,241 INFO 20436 [egg-schedule]: register schedule C:\Users\14253\Desktop\react-axios\node_modules\egg-logrotator\app\schedule\clean_log.js
2022-11-25 13:44:08,241 INFO 20436 [egg-schedule]: register schedule C:\Users\14253\Desktop\react-axios\node_modules\egg-logrotator\app\schedule\rotate_by_file.js
2022-11-25 15:23:25,353 INFO 14852 [egg-schedule]: register schedule C:\Users\14253\Desktop\react-axios\node_modules\egg-multipart\app\schedule\clean_tmpdir.js
2022-11-25 15:23:25,353 INFO 14852 [egg-schedule]: register schedule C:\Users\14253\Desktop\react-axios\node_modules\egg-logrotator\app\schedule\clean_log.js
2022-11-25 15:23:25,353 INFO 14852 [egg-schedule]: register schedule C:\Users\14253\Desktop\react-axios\node_modules\egg-logrotator\app\schedule\rotate_by_file.js
2022-11-25 15:23:26,876 INFO 14944 [egg-schedule]: register schedule C:\Users\14253\Desktop\react-axios\node_modules\egg-multipart\app\schedule\clean_tmpdir.js
2022-11-25 15:23:26,876 INFO 14944 [egg-schedule]: register schedule C:\Users\14253\Desktop\react-axios\node_modules\egg-logrotator\app\schedule\clean_log.js
2022-11-25 15:23:26,876 INFO 14944 [egg-schedule]: register schedule C:\Users\14253\Desktop\react-axios\node_modules\egg-logrotator\app\schedule\rotate_by_file.js
2022-11-25 15:24:03,724 INFO 3216 [egg-schedule]: register schedule C:\Users\14253\Desktop\react-axios\node_modules\egg-multipart\app\schedule\clean_tmpdir.js
2022-11-25 15:24:03,724 INFO 3216 [egg-schedule]: register schedule C:\Users\14253\Desktop\react-axios\node_modules\egg-logrotator\app\schedule\clean_log.js
2022-11-25 15:24:03,724 INFO 3216 [egg-schedule]: register schedule C:\Users\14253\Desktop\react-axios\node_modules\egg-logrotator\app\schedule\rotate_by_file.js
2022-11-25 17:23:33,292 INFO 8696 [egg-schedule]: register schedule C:\Users\14253\Desktop\react-axios\node_modules\egg-multipart\app\schedule\clean_tmpdir.js
2022-11-25 17:23:33,292 INFO 8696 [egg-schedule]: register schedule C:\Users\14253\Desktop\react-axios\node_modules\egg-logrotator\app\schedule\clean_log.js
2022-11-25 17:23:33,292 INFO 8696 [egg-schedule]: register schedule C:\Users\14253\Desktop\react-axios\node_modules\egg-logrotator\app\schedule\rotate_by_file.js
2022-11-25 17:23:34,627 INFO 10448 [egg-schedule]: register schedule C:\Users\14253\Desktop\react-axios\node_modules\egg-multipart\app\schedule\clean_tmpdir.js
2022-11-25 17:23:34,627 INFO 10448 [egg-schedule]: register schedule C:\Users\14253\Desktop\react-axios\node_modules\egg-logrotator\app\schedule\clean_log.js
2022-11-25 17:23:34,627 INFO 10448 [egg-schedule]: register schedule C:\Users\14253\Desktop\react-axios\node_modules\egg-logrotator\app\schedule\rotate_by_file.js
2022-11-25 17:24:10,283 INFO 5588 [egg-schedule]: register schedule C:\Users\14253\Desktop\react-axios\node_modules\egg-multipart\app\schedule\clean_tmpdir.js
2022-11-25 17:24:10,283 INFO 5588 [egg-schedule]: register schedule C:\Users\14253\Desktop\react-axios\node_modules\egg-logrotator\app\schedule\clean_log.js
2022-11-25 17:24:10,283 INFO 5588 [egg-schedule]: register schedule C:\Users\14253\Desktop\react-axios\node_modules\egg-logrotator\app\schedule\rotate_by_file.js
2022-11-25 17:25:16,946 INFO 3696 [egg-schedule]: register schedule C:\Users\14253\Desktop\react-axios\node_modules\egg-multipart\app\schedule\clean_tmpdir.js
2022-11-25 17:25:16,946 INFO 3696 [egg-schedule]: register schedule C:\Users\14253\Desktop\react-axios\node_modules\egg-logrotator\app\schedule\clean_log.js
2022-11-25 17:25:16,946 INFO 3696 [egg-schedule]: register schedule C:\Users\14253\Desktop\react-axios\node_modules\egg-logrotator\app\schedule\rotate_by_file.js
2022-11-25 17:29:29,997 INFO 11252 [egg-schedule]: register schedule C:\Users\14253\Desktop\react-axios\node_modules\egg-multipart\app\schedule\clean_tmpdir.js
2022-11-25 17:29:29,997 INFO 11252 [egg-schedule]: register schedule C:\Users\14253\Desktop\react-axios\node_modules\egg-logrotator\app\schedule\clean_log.js
2022-11-25 17:29:29,997 INFO 11252 [egg-schedule]: register schedule C:\Users\14253\Desktop\react-axios\node_modules\egg-logrotator\app\schedule\rotate_by_file.js
2022-11-25 17:29:41,853 INFO 20004 [egg-schedule]: register schedule C:\Users\14253\Desktop\react-axios\node_modules\egg-multipart\app\schedule\clean_tmpdir.js
2022-11-25 17:29:41,853 INFO 20004 [egg-schedule]: register schedule C:\Users\14253\Desktop\react-axios\node_modules\egg-logrotator\app\schedule\clean_log.js
2022-11-25 17:29:41,853 INFO 20004 [egg-schedule]: register schedule C:\Users\14253\Desktop\react-axios\node_modules\egg-logrotator\app\schedule\rotate_by_file.js
2022-11-25 17:30:05,437 INFO 17800 [egg-schedule]: register schedule C:\Users\14253\Desktop\react-axios\node_modules\egg-multipart\app\schedule\clean_tmpdir.js
2022-11-25 17:30:05,437 INFO 17800 [egg-schedule]: register schedule C:\Users\14253\Desktop\react-axios\node_modules\egg-logrotator\app\schedule\clean_log.js
2022-11-25 17:30:05,437 INFO 17800 [egg-schedule]: register schedule C:\Users\14253\Desktop\react-axios\node_modules\egg-logrotator\app\schedule\rotate_by_file.js
2022-11-25 17:30:27,404 INFO 13636 [egg-schedule]: register schedule C:\Users\14253\Desktop\react-axios\node_modules\egg-multipart\app\schedule\clean_tmpdir.js
2022-11-25 17:30:27,404 INFO 13636 [egg-schedule]: register schedule C:\Users\14253\Desktop\react-axios\node_modules\egg-logrotator\app\schedule\clean_log.js
2022-11-25 17:30:27,404 INFO 13636 [egg-schedule]: register schedule C:\Users\14253\Desktop\react-axios\node_modules\egg-logrotator\app\schedule\rotate_by_file.js
2022-11-25 17:46:46,759 INFO 17900 [egg-schedule]: register schedule C:\Users\14253\Desktop\react-axios\node_modules\egg-multipart\app\schedule\clean_tmpdir.js
2022-11-25 17:46:46,759 INFO 17900 [egg-schedule]: register schedule C:\Users\14253\Desktop\react-axios\node_modules\egg-logrotator\app\schedule\clean_log.js
2022-11-25 17:46:46,759 INFO 17900 [egg-schedule]: register schedule C:\Users\14253\Desktop\react-axios\node_modules\egg-logrotator\app\schedule\rotate_by_file.js
2022-11-25 17:48:30,919 INFO 11676 [egg-schedule]: register schedule C:\Users\14253\Desktop\react-axios\node_modules\egg-multipart\app\schedule\clean_tmpdir.js
2022-11-25 17:48:30,919 INFO 11676 [egg-schedule]: register schedule C:\Users\14253\Desktop\react-axios\node_modules\egg-logrotator\app\schedule\clean_log.js
2022-11-25 17:48:30,920 INFO 11676 [egg-schedule]: register schedule C:\Users\14253\Desktop\react-axios\node_modules\egg-logrotator\app\schedule\rotate_by_file.js
2022-11-25 17:50:09,430 INFO 6892 [egg-schedule]: register schedule C:\Users\14253\Desktop\react-axios\node_modules\egg-multipart\app\schedule\clean_tmpdir.js
2022-11-25 17:50:09,430 INFO 6892 [egg-schedule]: register schedule C:\Users\14253\Desktop\react-axios\node_modules\egg-logrotator\app\schedule\clean_log.js
2022-11-25 17:50:09,430 INFO 6892 [egg-schedule]: register schedule C:\Users\14253\Desktop\react-axios\node_modules\egg-logrotator\app\schedule\rotate_by_file.js
2022-11-25 18:48:34,619 INFO 13284 [egg-schedule]: register schedule C:\Users\14253\Desktop\react-axios\node_modules\egg-multipart\app\schedule\clean_tmpdir.js
2022-11-25 18:48:34,619 INFO 13284 [egg-schedule]: register schedule C:\Users\14253\Desktop\react-axios\node_modules\egg-logrotator\app\schedule\clean_log.js
2022-11-25 18:48:34,619 INFO 13284 [egg-schedule]: register schedule C:\Users\14253\Desktop\react-axios\node_modules\egg-logrotator\app\schedule\rotate_by_file.js
2022-11-25 18:48:35,901 INFO 14712 [egg-schedule]: register schedule C:\Users\14253\Desktop\react-axios\node_modules\egg-multipart\app\schedule\clean_tmpdir.js
2022-11-25 18:48:35,901 INFO 14712 [egg-schedule]: register schedule C:\Users\14253\Desktop\react-axios\node_modules\egg-logrotator\app\schedule\clean_log.js
2022-11-25 18:48:35,901 INFO 14712 [egg-schedule]: register schedule C:\Users\14253\Desktop\react-axios\node_modules\egg-logrotator\app\schedule\rotate_by_file.js
2022-11-25 19:06:10,240 INFO 9856 [egg-schedule]: register schedule C:\Users\14253\Desktop\react-axios\node_modules\egg-multipart\app\schedule\clean_tmpdir.js
2022-11-25 19:06:10,240 INFO 9856 [egg-schedule]: register schedule C:\Users\14253\Desktop\react-axios\node_modules\egg-logrotator\app\schedule\clean_log.js
2022-11-25 19:06:10,240 INFO 9856 [egg-schedule]: register schedule C:\Users\14253\Desktop\react-axios\node_modules\egg-logrotator\app\schedule\rotate_by_file.js
2022-11-25 19:06:45,168 INFO 4036 [egg-schedule]: register schedule C:\Users\14253\Desktop\react-axios\node_modules\egg-multipart\app\schedule\clean_tmpdir.js
2022-11-25 19:06:45,168 INFO 4036 [egg-schedule]: register schedule C:\Users\14253\Desktop\react-axios\node_modules\egg-logrotator\app\schedule\clean_log.js
2022-11-25 19:06:45,168 INFO 4036 [egg-schedule]: register schedule C:\Users\14253\Desktop\react-axios\node_modules\egg-logrotator\app\schedule\rotate_by_file.js
2022-11-25 19:06:56,613 INFO 20660 [egg-schedule]: register schedule C:\Users\14253\Desktop\react-axios\node_modules\egg-multipart\app\schedule\clean_tmpdir.js
2022-11-25 19:06:56,613 INFO 20660 [egg-schedule]: register schedule C:\Users\14253\Desktop\react-axios\node_modules\egg-logrotator\app\schedule\clean_log.js
2022-11-25 19:06:56,613 INFO 20660 [egg-schedule]: register schedule C:\Users\14253\Desktop\react-axios\node_modules\egg-logrotator\app\schedule\rotate_by_file.js
2022-11-25 19:07:09,147 INFO 13556 [egg-schedule]: register schedule C:\Users\14253\Desktop\react-axios\node_modules\egg-multipart\app\schedule\clean_tmpdir.js
2022-11-25 19:07:09,147 INFO 13556 [egg-schedule]: register schedule C:\Users\14253\Desktop\react-axios\node_modules\egg-logrotator\app\schedule\clean_log.js
2022-11-25 19:07:09,147 INFO 13556 [egg-schedule]: register schedule C:\Users\14253\Desktop\react-axios\node_modules\egg-logrotator\app\schedule\rotate_by_file.js
2022-11-25 19:07:22,954 INFO 12344 [egg-schedule]: register schedule C:\Users\14253\Desktop\react-axios\node_modules\egg-multipart\app\schedule\clean_tmpdir.js
2022-11-25 19:07:22,954 INFO 12344 [egg-schedule]: register schedule C:\Users\14253\Desktop\react-axios\node_modules\egg-logrotator\app\schedule\clean_log.js
2022-11-25 19:07:22,954 INFO 12344 [egg-schedule]: register schedule C:\Users\14253\Desktop\react-axios\node_modules\egg-logrotator\app\schedule\rotate_by_file.js
2022-11-25 19:07:49,056 INFO 16668 [egg-schedule]: register schedule C:\Users\14253\Desktop\react-axios\node_modules\egg-multipart\app\schedule\clean_tmpdir.js
2022-11-25 19:07:49,056 INFO 16668 [egg-schedule]: register schedule C:\Users\14253\Desktop\react-axios\node_modules\egg-logrotator\app\schedule\clean_log.js
2022-11-25 19:07:49,057 INFO 16668 [egg-schedule]: register schedule C:\Users\14253\Desktop\react-axios\node_modules\egg-logrotator\app\schedule\rotate_by_file.js
2022-11-26 14:01:59,529 INFO 9724 [Timer] C:\Users\14253\Desktop\react-axios\node_modules\egg-multipart\app\schedule\clean_tmpdir.js next time will execute after 52080473ms at 2022-11-27 04:30:00.002
2022-11-26 14:01:59,529 INFO 9724 [Timer] C:\Users\14253\Desktop\react-axios\node_modules\egg-logrotator\app\schedule\clean_log.js next time will execute after 35880471ms at 2022-11-27 00:00:00.000
2022-11-26 14:01:59,530 INFO 9724 [Timer] C:\Users\14253\Desktop\react-axios\node_modules\egg-logrotator\app\schedule\rotate_by_file.js next time will execute after 35881471ms at 2022-11-27 00:00:01.001
2022-11-26 14:01:59,294 INFO 8716 [egg-schedule]: register schedule C:\Users\14253\Desktop\react-axios\node_modules\egg-multipart\app\schedule\clean_tmpdir.js
2022-11-26 14:01:59,294 INFO 8716 [egg-schedule]: register schedule C:\Users\14253\Desktop\react-axios\node_modules\egg-logrotator\app\schedule\clean_log.js
2022-11-26 14:01:59,294 INFO 8716 [egg-schedule]: register schedule C:\Users\14253\Desktop\react-axios\node_modules\egg-logrotator\app\schedule\rotate_by_file.js
2022-11-26 14:02:00,400 INFO 6080 [egg-schedule]: register schedule C:\Users\14253\Desktop\react-axios\node_modules\egg-multipart\app\schedule\clean_tmpdir.js
2022-11-26 14:02:00,400 INFO 6080 [egg-schedule]: register schedule C:\Users\14253\Desktop\react-axios\node_modules\egg-logrotator\app\schedule\clean_log.js
2022-11-26 14:02:00,400 INFO 6080 [egg-schedule]: register schedule C:\Users\14253\Desktop\react-axios\node_modules\egg-logrotator\app\schedule\rotate_by_file.js
2022-11-26 15:34:27,059 INFO 9736 [egg-schedule]: register schedule C:\Users\14253\Desktop\react-axios\node_modules\egg-multipart\app\schedule\clean_tmpdir.js
2022-11-26 15:34:27,059 INFO 9736 [egg-schedule]: register schedule C:\Users\14253\Desktop\react-axios\node_modules\egg-logrotator\app\schedule\clean_log.js
2022-11-26 15:34:27,059 INFO 9736 [egg-schedule]: register schedule C:\Users\14253\Desktop\react-axios\node_modules\egg-logrotator\app\schedule\rotate_by_file.js
2022-11-26 15:34:28,210 INFO 13812 [egg-schedule]: register schedule C:\Users\14253\Desktop\react-axios\node_modules\egg-multipart\app\schedule\clean_tmpdir.js
2022-11-26 15:34:28,210 INFO 13812 [egg-schedule]: register schedule C:\Users\14253\Desktop\react-axios\node_modules\egg-logrotator\app\schedule\clean_log.js
2022-11-26 15:34:28,210 INFO 13812 [egg-schedule]: register schedule C:\Users\14253\Desktop\react-axios\node_modules\egg-logrotator\app\schedule\rotate_by_file.js
2022-11-26 15:35:02,018 INFO 3156 [egg-schedule]: register schedule C:\Users\14253\Desktop\react-axios\node_modules\egg-multipart\app\schedule\clean_tmpdir.js
2022-11-26 15:35:02,018 INFO 3156 [egg-schedule]: register schedule C:\Users\14253\Desktop\react-axios\node_modules\egg-logrotator\app\schedule\clean_log.js
2022-11-26 15:35:02,019 INFO 3156 [egg-schedule]: register schedule C:\Users\14253\Desktop\react-axios\node_modules\egg-logrotator\app\schedule\rotate_by_file.js
2022-11-26 15:38:41,659 INFO 13972 [egg-schedule]: register schedule C:\Users\14253\Desktop\react-axios\node_modules\egg-multipart\app\schedule\clean_tmpdir.js
2022-11-26 15:38:41,659 INFO 13972 [egg-schedule]: register schedule C:\Users\14253\Desktop\react-axios\node_modules\egg-logrotator\app\schedule\clean_log.js
2022-11-26 15:38:41,659 INFO 13972 [egg-schedule]: register schedule C:\Users\14253\Desktop\react-axios\node_modules\egg-logrotator\app\schedule\rotate_by_file.js
2022-11-26 15:38:44,582 INFO 15132 [egg-schedule]: register schedule C:\Users\14253\Desktop\react-axios\node_modules\egg-multipart\app\schedule\clean_tmpdir.js
2022-11-26 15:38:44,582 INFO 15132 [egg-schedule]: register schedule C:\Users\14253\Desktop\react-axios\node_modules\egg-logrotator\app\schedule\clean_log.js
2022-11-26 15:38:44,582 INFO 15132 [egg-schedule]: register schedule C:\Users\14253\Desktop\react-axios\node_modules\egg-logrotator\app\schedule\rotate_by_file.js
2022-11-26 15:54:55,660 INFO 11124 [egg-schedule]: register schedule C:\Users\14253\Desktop\react-axios\node_modules\egg-multipart\app\schedule\clean_tmpdir.js
2022-11-26 15:54:55,660 INFO 11124 [egg-schedule]: register schedule C:\Users\14253\Desktop\react-axios\node_modules\egg-logrotator\app\schedule\clean_log.js
2022-11-26 15:54:55,661 INFO 11124 [egg-schedule]: register schedule C:\Users\14253\Desktop\react-axios\node_modules\egg-logrotator\app\schedule\rotate_by_file.js
2022-11-26 15:55:20,934 INFO 19520 [egg-schedule]: register schedule C:\Users\14253\Desktop\react-axios\node_modules\egg-multipart\app\schedule\clean_tmpdir.js
2022-11-26 15:55:20,934 INFO 19520 [egg-schedule]: register schedule C:\Users\14253\Desktop\react-axios\node_modules\egg-logrotator\app\schedule\clean_log.js
2022-11-26 15:55:20,934 INFO 19520 [egg-schedule]: register schedule C:\Users\14253\Desktop\react-axios\node_modules\egg-logrotator\app\schedule\rotate_by_file.js
2022-11-26 15:56:25,097 INFO 4212 [egg-schedule]: register schedule C:\Users\14253\Desktop\react-axios\node_modules\egg-multipart\app\schedule\clean_tmpdir.js
2022-11-26 15:56:25,097 INFO 4212 [egg-schedule]: register schedule C:\Users\14253\Desktop\react-axios\node_modules\egg-logrotator\app\schedule\clean_log.js
2022-11-26 15:56:25,097 INFO 4212 [egg-schedule]: register schedule C:\Users\14253\Desktop\react-axios\node_modules\egg-logrotator\app\schedule\rotate_by_file.js
2022-11-26 16:25:53,862 INFO 13032 [egg-schedule]: register schedule C:\Users\14253\Desktop\react-axios\node_modules\egg-multipart\app\schedule\clean_tmpdir.js
2022-11-26 16:25:53,862 INFO 13032 [egg-schedule]: register schedule C:\Users\14253\Desktop\react-axios\node_modules\egg-logrotator\app\schedule\clean_log.js
2022-11-26 16:25:53,863 INFO 13032 [egg-schedule]: register schedule C:\Users\14253\Desktop\react-axios\node_modules\egg-logrotator\app\schedule\rotate_by_file.js
2022-11-26 16:25:58,716 INFO 9644 [egg-schedule]: register schedule C:\Users\14253\Desktop\react-axios\node_modules\egg-multipart\app\schedule\clean_tmpdir.js
2022-11-26 16:25:58,716 INFO 9644 [egg-schedule]: register schedule C:\Users\14253\Desktop\react-axios\node_modules\egg-logrotator\app\schedule\clean_log.js
2022-11-26 16:25:58,716 INFO 9644 [egg-schedule]: register schedule C:\Users\14253\Desktop\react-axios\node_modules\egg-logrotator\app\schedule\rotate_by_file.js
2022-11-26 16:26:24,725 INFO 12036 [egg-schedule]: register schedule C:\Users\14253\Desktop\react-axios\node_modules\egg-multipart\app\schedule\clean_tmpdir.js
2022-11-26 16:26:24,725 INFO 12036 [egg-schedule]: register schedule C:\Users\14253\Desktop\react-axios\node_modules\egg-logrotator\app\schedule\clean_log.js
2022-11-26 16:26:24,725 INFO 12036 [egg-schedule]: register schedule C:\Users\14253\Desktop\react-axios\node_modules\egg-logrotator\app\schedule\rotate_by_file.js
2022-11-26 16:31:21,141 INFO 8484 [egg-schedule]: register schedule C:\Users\14253\Desktop\react-axios\node_modules\egg-multipart\app\schedule\clean_tmpdir.js
2022-11-26 16:31:21,141 INFO 8484 [egg-schedule]: register schedule C:\Users\14253\Desktop\react-axios\node_modules\egg-logrotator\app\schedule\clean_log.js
2022-11-26 16:31:21,141 INFO 8484 [egg-schedule]: register schedule C:\Users\14253\Desktop\react-axios\node_modules\egg-logrotator\app\schedule\rotate_by_file.js
2022-11-26 16:31:31,060 INFO 17224 [egg-schedule]: register schedule C:\Users\14253\Desktop\react-axios\node_modules\egg-multipart\app\schedule\clean_tmpdir.js
2022-11-26 16:31:31,060 INFO 17224 [egg-schedule]: register schedule C:\Users\14253\Desktop\react-axios\node_modules\egg-logrotator\app\schedule\clean_log.js
2022-11-26 16:31:31,060 INFO 17224 [egg-schedule]: register schedule C:\Users\14253\Desktop\react-axios\node_modules\egg-logrotator\app\schedule\rotate_by_file.js
2022-11-26 16:31:41,401 INFO 7564 [egg-schedule]: register schedule C:\Users\14253\Desktop\react-axios\node_modules\egg-multipart\app\schedule\clean_tmpdir.js
2022-11-26 16:31:41,401 INFO 7564 [egg-schedule]: register schedule C:\Users\14253\Desktop\react-axios\node_modules\egg-logrotator\app\schedule\clean_log.js
2022-11-26 16:31:41,401 INFO 7564 [egg-schedule]: register schedule C:\Users\14253\Desktop\react-axios\node_modules\egg-logrotator\app\schedule\rotate_by_file.js
2022-11-26 16:31:53,151 INFO 17320 [egg-schedule]: register schedule C:\Users\14253\Desktop\react-axios\node_modules\egg-multipart\app\schedule\clean_tmpdir.js
2022-11-26 16:31:53,151 INFO 17320 [egg-schedule]: register schedule C:\Users\14253\Desktop\react-axios\node_modules\egg-logrotator\app\schedule\clean_log.js
2022-11-26 16:31:53,151 INFO 17320 [egg-schedule]: register schedule C:\Users\14253\Desktop\react-axios\node_modules\egg-logrotator\app\schedule\rotate_by_file.js
2022-11-26 16:33:59,212 INFO 13776 [egg-schedule]: register schedule C:\Users\14253\Desktop\react-axios\node_modules\egg-multipart\app\schedule\clean_tmpdir.js
2022-11-26 16:33:59,212 INFO 13776 [egg-schedule]: register schedule C:\Users\14253\Desktop\react-axios\node_modules\egg-logrotator\app\schedule\clean_log.js
2022-11-26 16:33:59,212 INFO 13776 [egg-schedule]: register schedule C:\Users\14253\Desktop\react-axios\node_modules\egg-logrotator\app\schedule\rotate_by_file.js
2022-11-26 16:34:32,195 INFO 14168 [egg-schedule]: register schedule C:\Users\14253\Desktop\react-axios\node_modules\egg-multipart\app\schedule\clean_tmpdir.js
2022-11-26 16:34:32,195 INFO 14168 [egg-schedule]: register schedule C:\Users\14253\Desktop\react-axios\node_modules\egg-logrotator\app\schedule\clean_log.js
2022-11-26 16:34:32,195 INFO 14168 [egg-schedule]: register schedule C:\Users\14253\Desktop\react-axios\node_modules\egg-logrotator\app\schedule\rotate_by_file.js
2022-11-26 16:34:33,350 INFO 8356 [egg-schedule]: register schedule C:\Users\14253\Desktop\react-axios\node_modules\egg-multipart\app\schedule\clean_tmpdir.js
2022-11-26 16:34:33,350 INFO 8356 [egg-schedule]: register schedule C:\Users\14253\Desktop\react-axios\node_modules\egg-logrotator\app\schedule\clean_log.js
2022-11-26 16:34:33,351 INFO 8356 [egg-schedule]: register schedule C:\Users\14253\Desktop\react-axios\node_modules\egg-logrotator\app\schedule\rotate_by_file.js
2022-11-26 16:35:58,376 INFO 13804 [egg-schedule]: register schedule C:\Users\14253\Desktop\react-axios\node_modules\egg-multipart\app\schedule\clean_tmpdir.js
2022-11-26 16:35:58,376 INFO 13804 [egg-schedule]: register schedule C:\Users\14253\Desktop\react-axios\node_modules\egg-logrotator\app\schedule\clean_log.js
2022-11-26 16:35:58,376 INFO 13804 [egg-schedule]: register schedule C:\Users\14253\Desktop\react-axios\node_modules\egg-logrotator\app\schedule\rotate_by_file.js
2022-11-26 16:36:55,368 INFO 5656 [egg-schedule]: register schedule C:\Users\14253\Desktop\react-axios\node_modules\egg-multipart\app\schedule\clean_tmpdir.js
2022-11-26 16:36:55,368 INFO 5656 [egg-schedule]: register schedule C:\Users\14253\Desktop\react-axios\node_modules\egg-logrotator\app\schedule\clean_log.js
2022-11-26 16:36:55,368 INFO 5656 [egg-schedule]: register schedule C:\Users\14253\Desktop\react-axios\node_modules\egg-logrotator\app\schedule\rotate_by_file.js
2022-11-26 21:00:25,962 INFO 10024 [egg-schedule]: register schedule C:\Users\14253\Desktop\react-axios\node_modules\egg-multipart\app\schedule\clean_tmpdir.js
2022-11-26 21:00:25,962 INFO 10024 [egg-schedule]: register schedule C:\Users\14253\Desktop\react-axios\node_modules\egg-logrotator\app\schedule\clean_log.js
2022-11-26 21:00:25,962 INFO 10024 [egg-schedule]: register schedule C:\Users\14253\Desktop\react-axios\node_modules\egg-logrotator\app\schedule\rotate_by_file.js
2022-11-26 21:00:26,196 INFO 9600 [Timer] C:\Users\14253\Desktop\react-axios\node_modules\egg-multipart\app\schedule\clean_tmpdir.js next time will execute after 26973807ms at 2022-11-27 04:30:00.003
2022-11-26 21:00:26,196 INFO 9600 [Timer] C:\Users\14253\Desktop\react-axios\node_modules\egg-logrotator\app\schedule\clean_log.js next time will execute after 10773804ms at 2022-11-27 00:00:00.000
2022-11-26 21:00:26,196 INFO 9600 [Timer] C:\Users\14253\Desktop\react-axios\node_modules\egg-logrotator\app\schedule\rotate_by_file.js next time will execute after 10774804ms at 2022-11-27 00:00:01.000
2022-11-26 21:00:27,225 INFO 19964 [egg-schedule]: register schedule C:\Users\14253\Desktop\react-axios\node_modules\egg-multipart\app\schedule\clean_tmpdir.js
2022-11-26 21:00:27,225 INFO 19964 [egg-schedule]: register schedule C:\Users\14253\Desktop\react-axios\node_modules\egg-logrotator\app\schedule\clean_log.js
2022-11-26 21:00:27,226 INFO 19964 [egg-schedule]: register schedule C:\Users\14253\Desktop\react-axios\node_modules\egg-logrotator\app\schedule\rotate_by_file.js
2022-11-26 21:40:13,093 INFO 12984 [egg-schedule]: register schedule C:\Users\14253\Desktop\react-axios\node_modules\egg-multipart\app\schedule\clean_tmpdir.js
2022-11-26 21:40:13,093 INFO 12984 [egg-schedule]: register schedule C:\Users\14253\Desktop\react-axios\node_modules\egg-logrotator\app\schedule\clean_log.js
2022-11-26 21:40:13,093 INFO 12984 [egg-schedule]: register schedule C:\Users\14253\Desktop\react-axios\node_modules\egg-logrotator\app\schedule\rotate_by_file.js
2022-11-26 21:40:16,086 INFO 16176 [egg-schedule]: register schedule C:\Users\14253\Desktop\react-axios\node_modules\egg-multipart\app\schedule\clean_tmpdir.js
2022-11-26 21:40:16,086 INFO 16176 [egg-schedule]: register schedule C:\Users\14253\Desktop\react-axios\node_modules\egg-logrotator\app\schedule\clean_log.js
2022-11-26 21:40:16,086 INFO 16176 [egg-schedule]: register schedule C:\Users\14253\Desktop\react-axios\node_modules\egg-logrotator\app\schedule\rotate_by_file.js
2022-11-26 21:40:35,672 INFO 11472 [egg-schedule]: register schedule C:\Users\14253\Desktop\react-axios\node_modules\egg-multipart\app\schedule\clean_tmpdir.js
2022-11-26 21:40:35,672 INFO 11472 [egg-schedule]: register schedule C:\Users\14253\Desktop\react-axios\node_modules\egg-logrotator\app\schedule\clean_log.js
2022-11-26 21:40:35,672 INFO 11472 [egg-schedule]: register schedule C:\Users\14253\Desktop\react-axios\node_modules\egg-logrotator\app\schedule\rotate_by_file.js
2022-11-26 21:42:11,812 INFO 3192 [egg-schedule]: register schedule C:\Users\14253\Desktop\react-axios\node_modules\egg-multipart\app\schedule\clean_tmpdir.js
2022-11-26 21:42:11,812 INFO 3192 [egg-schedule]: register schedule C:\Users\14253\Desktop\react-axios\node_modules\egg-logrotator\app\schedule\clean_log.js
2022-11-26 21:42:11,812 INFO 3192 [egg-schedule]: register schedule C:\Users\14253\Desktop\react-axios\node_modules\egg-logrotator\app\schedule\rotate_by_file.js
2022-11-27 16:24:29,144 INFO 8524 [Timer] C:\Users\14253\Desktop\react-axios\node_modules\egg-multipart\app\schedule\clean_tmpdir.js next time will execute after 43530862ms at 2022-11-28 04:30:00.006
2022-11-27 16:24:29,145 INFO 8524 [Timer] C:\Users\14253\Desktop\react-axios\node_modules\egg-logrotator\app\schedule\clean_log.js next time will execute after 27330856ms at 2022-11-28 00:00:00.001
2022-11-27 16:24:29,145 INFO 8524 [Timer] C:\Users\14253\Desktop\react-axios\node_modules\egg-logrotator\app\schedule\rotate_by_file.js next time will execute after 27331855ms at 2022-11-28 00:00:01.000
2022-11-27 16:24:28,611 INFO 15672 [egg-schedule]: register schedule C:\Users\14253\Desktop\react-axios\node_modules\egg-multipart\app\schedule\clean_tmpdir.js
2022-11-27 16:24:28,611 INFO 15672 [egg-schedule]: register schedule C:\Users\14253\Desktop\react-axios\node_modules\egg-logrotator\app\schedule\clean_log.js
2022-11-27 16:24:28,611 INFO 15672 [egg-schedule]: register schedule C:\Users\14253\Desktop\react-axios\node_modules\egg-logrotator\app\schedule\rotate_by_file.js
2022-11-27 16:24:30,831 INFO 1344 [egg-schedule]: register schedule C:\Users\14253\Desktop\react-axios\node_modules\egg-multipart\app\schedule\clean_tmpdir.js
2022-11-27 16:24:30,831 INFO 1344 [egg-schedule]: register schedule C:\Users\14253\Desktop\react-axios\node_modules\egg-logrotator\app\schedule\clean_log.js
2022-11-27 16:24:30,832 INFO 1344 [egg-schedule]: register schedule C:\Users\14253\Desktop\react-axios\node_modules\egg-logrotator\app\schedule\rotate_by_file.js
2022-11-27 17:57:56,366 INFO 10012 [egg-schedule]: register schedule C:\Users\14253\Desktop\react-axios\node_modules\egg-multipart\app\schedule\clean_tmpdir.js
2022-11-27 17:57:56,366 INFO 10012 [egg-schedule]: register schedule C:\Users\14253\Desktop\react-axios\node_modules\egg-logrotator\app\schedule\clean_log.js
2022-11-27 17:57:56,367 INFO 10012 [egg-schedule]: register schedule C:\Users\14253\Desktop\react-axios\node_modules\egg-logrotator\app\schedule\rotate_by_file.js
2022-11-27 17:57:57,583 INFO 19788 [egg-schedule]: register schedule C:\Users\14253\Desktop\react-axios\node_modules\egg-multipart\app\schedule\clean_tmpdir.js
2022-11-27 17:57:57,583 INFO 19788 [egg-schedule]: register schedule C:\Users\14253\Desktop\react-axios\node_modules\egg-logrotator\app\schedule\clean_log.js
2022-11-27 17:57:57,584 INFO 19788 [egg-schedule]: register schedule C:\Users\14253\Desktop\react-axios\node_modules\egg-logrotator\app\schedule\rotate_by_file.js
2022-11-27 17:58:33,731 INFO 20052 [egg-schedule]: register schedule C:\Users\14253\Desktop\react-axios\node_modules\egg-multipart\app\schedule\clean_tmpdir.js
2022-11-27 17:58:33,731 INFO 20052 [egg-schedule]: register schedule C:\Users\14253\Desktop\react-axios\node_modules\egg-logrotator\app\schedule\clean_log.js
2022-11-27 17:58:33,732 INFO 20052 [egg-schedule]: register schedule C:\Users\14253\Desktop\react-axios\node_modules\egg-logrotator\app\schedule\rotate_by_file.js
2022-11-27 17:59:48,620 INFO 11108 [egg-schedule]: register schedule C:\Users\14253\Desktop\react-axios\node_modules\egg-multipart\app\schedule\clean_tmpdir.js
2022-11-27 17:59:48,620 INFO 11108 [egg-schedule]: register schedule C:\Users\14253\Desktop\react-axios\node_modules\egg-logrotator\app\schedule\clean_log.js
2022-11-27 17:59:48,620 INFO 11108 [egg-schedule]: register schedule C:\Users\14253\Desktop\react-axios\node_modules\egg-logrotator\app\schedule\rotate_by_file.js
2022-11-28 09:10:31,995 INFO 12944 [egg-schedule]: register schedule C:\Users\14253\Desktop\react-axios\node_modules\egg-multipart\app\schedule\clean_tmpdir.js
2022-11-28 09:10:31,995 INFO 12944 [egg-schedule]: register schedule C:\Users\14253\Desktop\react-axios\node_modules\egg-logrotator\app\schedule\clean_log.js
2022-11-28 09:10:31,996 INFO 12944 [egg-schedule]: register schedule C:\Users\14253\Desktop\react-axios\node_modules\egg-logrotator\app\schedule\rotate_by_file.js
2022-11-28 09:10:32,366 INFO 15652 [Timer] C:\Users\14253\Desktop\react-axios\node_modules\egg-multipart\app\schedule\clean_tmpdir.js next time will execute after 69567642ms at 2022-11-29 04:30:00.008
2022-11-28 09:10:32,366 INFO 15652 [Timer] C:\Users\14253\Desktop\react-axios\node_modules\egg-logrotator\app\schedule\clean_log.js next time will execute after 53367634ms at 2022-11-29 00:00:00.000
2022-11-28 09:10:32,367 INFO 15652 [Timer] C:\Users\14253\Desktop\react-axios\node_modules\egg-logrotator\app\schedule\rotate_by_file.js next time will execute after 53368634ms at 2022-11-29 00:00:01.001
2022-11-28 09:10:33,253 INFO 8472 [egg-schedule]: register schedule C:\Users\14253\Desktop\react-axios\node_modules\egg-multipart\app\schedule\clean_tmpdir.js
2022-11-28 09:10:33,253 INFO 8472 [egg-schedule]: register schedule C:\Users\14253\Desktop\react-axios\node_modules\egg-logrotator\app\schedule\clean_log.js
2022-11-28 09:10:33,253 INFO 8472 [egg-schedule]: register schedule C:\Users\14253\Desktop\react-axios\node_modules\egg-logrotator\app\schedule\rotate_by_file.js
2022-11-28 09:58:02,066 INFO 4696 [egg-schedule]: register schedule C:\Users\14253\Desktop\react-axios\node_modules\egg-multipart\app\schedule\clean_tmpdir.js
2022-11-28 09:58:02,066 INFO 4696 [egg-schedule]: register schedule C:\Users\14253\Desktop\react-axios\node_modules\egg-logrotator\app\schedule\clean_log.js
2022-11-28 09:58:02,066 INFO 4696 [egg-schedule]: register schedule C:\Users\14253\Desktop\react-axios\node_modules\egg-logrotator\app\schedule\rotate_by_file.js
2022-11-28 09:58:28,091 INFO 7136 [egg-schedule]: register schedule C:\Users\14253\Desktop\react-axios\node_modules\egg-multipart\app\schedule\clean_tmpdir.js
2022-11-28 09:58:28,091 INFO 7136 [egg-schedule]: register schedule C:\Users\14253\Desktop\react-axios\node_modules\egg-logrotator\app\schedule\clean_log.js
2022-11-28 09:58:28,091 INFO 7136 [egg-schedule]: register schedule C:\Users\14253\Desktop\react-axios\node_modules\egg-logrotator\app\schedule\rotate_by_file.js
2022-11-28 11:44:00,899 INFO 10536 [egg-schedule]: register schedule C:\Users\14253\Desktop\react-axios\node_modules\egg-multipart\app\schedule\clean_tmpdir.js
2022-11-28 11:44:00,899 INFO 10536 [egg-schedule]: register schedule C:\Users\14253\Desktop\react-axios\node_modules\egg-logrotator\app\schedule\clean_log.js
2022-11-28 11:44:00,899 INFO 10536 [egg-schedule]: register schedule C:\Users\14253\Desktop\react-axios\node_modules\egg-logrotator\app\schedule\rotate_by_file.js
2022-11-28 11:44:02,332 INFO 9500 [egg-schedule]: register schedule C:\Users\14253\Desktop\react-axios\node_modules\egg-multipart\app\schedule\clean_tmpdir.js
2022-11-28 11:44:02,332 INFO 9500 [egg-schedule]: register schedule C:\Users\14253\Desktop\react-axios\node_modules\egg-logrotator\app\schedule\clean_log.js
2022-11-28 11:44:02,332 INFO 9500 [egg-schedule]: register schedule C:\Users\14253\Desktop\react-axios\node_modules\egg-logrotator\app\schedule\rotate_by_file.js
2022-11-28 11:45:14,390 INFO 3964 [egg-schedule]: register schedule C:\Users\14253\Desktop\react-axios\node_modules\egg-multipart\app\schedule\clean_tmpdir.js
2022-11-28 11:45:14,390 INFO 3964 [egg-schedule]: register schedule C:\Users\14253\Desktop\react-axios\node_modules\egg-logrotator\app\schedule\clean_log.js
2022-11-28 11:45:14,390 INFO 3964 [egg-schedule]: register schedule C:\Users\14253\Desktop\react-axios\node_modules\egg-logrotator\app\schedule\rotate_by_file.js
2022-11-28 11:45:29,484 INFO 15868 [egg-schedule]: register schedule C:\Users\14253\Desktop\react-axios\node_modules\egg-multipart\app\schedule\clean_tmpdir.js
2022-11-28 11:45:29,484 INFO 15868 [egg-schedule]: register schedule C:\Users\14253\Desktop\react-axios\node_modules\egg-logrotator\app\schedule\clean_log.js
2022-11-28 11:45:29,484 INFO 15868 [egg-schedule]: register schedule C:\Users\14253\Desktop\react-axios\node_modules\egg-logrotator\app\schedule\rotate_by_file.js
2022-11-28 11:45:53,471 INFO 6764 [egg-schedule]: register schedule C:\Users\14253\Desktop\react-axios\node_modules\egg-multipart\app\schedule\clean_tmpdir.js
2022-11-28 11:45:53,471 INFO 6764 [egg-schedule]: register schedule C:\Users\14253\Desktop\react-axios\node_modules\egg-logrotator\app\schedule\clean_log.js
2022-11-28 11:45:53,472 INFO 6764 [egg-schedule]: register schedule C:\Users\14253\Desktop\react-axios\node_modules\egg-logrotator\app\schedule\rotate_by_file.js
2022-11-28 11:48:05,436 INFO 7916 [egg-schedule]: register schedule C:\Users\14253\Desktop\react-axios\node_modules\egg-multipart\app\schedule\clean_tmpdir.js
2022-11-28 11:48:05,436 INFO 7916 [egg-schedule]: register schedule C:\Users\14253\Desktop\react-axios\node_modules\egg-logrotator\app\schedule\clean_log.js
2022-11-28 11:48:05,436 INFO 7916 [egg-schedule]: register schedule C:\Users\14253\Desktop\react-axios\node_modules\egg-logrotator\app\schedule\rotate_by_file.js
2022-11-28 13:40:20,618 INFO 2628 [egg-schedule]: register schedule C:\Users\14253\Desktop\react-axios\node_modules\egg-multipart\app\schedule\clean_tmpdir.js
2022-11-28 13:40:20,618 INFO 2628 [egg-schedule]: register schedule C:\Users\14253\Desktop\react-axios\node_modules\egg-logrotator\app\schedule\clean_log.js
2022-11-28 13:40:20,618 INFO 2628 [egg-schedule]: register schedule C:\Users\14253\Desktop\react-axios\node_modules\egg-logrotator\app\schedule\rotate_by_file.js
2022-11-28 13:40:21,982 INFO 9272 [egg-schedule]: register schedule C:\Users\14253\Desktop\react-axios\node_modules\egg-multipart\app\schedule\clean_tmpdir.js
2022-11-28 13:40:21,983 INFO 9272 [egg-schedule]: register schedule C:\Users\14253\Desktop\react-axios\node_modules\egg-logrotator\app\schedule\clean_log.js
2022-11-28 13:40:21,983 INFO 9272 [egg-schedule]: register schedule C:\Users\14253\Desktop\react-axios\node_modules\egg-logrotator\app\schedule\rotate_by_file.js
2022-11-28 13:41:00,767 INFO 7664 [egg-schedule]: register schedule C:\Users\14253\Desktop\react-axios\node_modules\egg-multipart\app\schedule\clean_tmpdir.js
2022-11-28 13:41:00,767 INFO 7664 [egg-schedule]: register schedule C:\Users\14253\Desktop\react-axios\node_modules\egg-logrotator\app\schedule\clean_log.js
2022-11-28 13:41:00,767 INFO 7664 [egg-schedule]: register schedule C:\Users\14253\Desktop\react-axios\node_modules\egg-logrotator\app\schedule\rotate_by_file.js
2022-11-28 13:41:05,957 INFO 10640 [egg-schedule]: register schedule C:\Users\14253\Desktop\react-axios\node_modules\egg-multipart\app\schedule\clean_tmpdir.js
2022-11-28 13:41:05,957 INFO 10640 [egg-schedule]: register schedule C:\Users\14253\Desktop\react-axios\node_modules\egg-logrotator\app\schedule\clean_log.js
2022-11-28 13:41:05,958 INFO 10640 [egg-schedule]: register schedule C:\Users\14253\Desktop\react-axios\node_modules\egg-logrotator\app\schedule\rotate_by_file.js
2022-11-28 13:41:28,490 INFO 2388 [egg-schedule]: register schedule C:\Users\14253\Desktop\react-axios\node_modules\egg-multipart\app\schedule\clean_tmpdir.js
2022-11-28 13:41:28,490 INFO 2388 [egg-schedule]: register schedule C:\Users\14253\Desktop\react-axios\node_modules\egg-logrotator\app\schedule\clean_log.js
2022-11-28 13:41:28,490 INFO 2388 [egg-schedule]: register schedule C:\Users\14253\Desktop\react-axios\node_modules\egg-logrotator\app\schedule\rotate_by_file.js
2022-11-28 15:08:25,674 INFO 3732 [egg-schedule]: register schedule C:\Users\14253\Desktop\react-axios\node_modules\egg-multipart\app\schedule\clean_tmpdir.js
2022-11-28 15:08:25,674 INFO 3732 [egg-schedule]: register schedule C:\Users\14253\Desktop\react-axios\node_modules\egg-logrotator\app\schedule\clean_log.js
2022-11-28 15:08:25,674 INFO 3732 [egg-schedule]: register schedule C:\Users\14253\Desktop\react-axios\node_modules\egg-logrotator\app\schedule\rotate_by_file.js
2022-11-28 15:08:27,015 INFO 10200 [egg-schedule]: register schedule C:\Users\14253\Desktop\react-axios\node_modules\egg-multipart\app\schedule\clean_tmpdir.js
2022-11-28 15:08:27,015 INFO 10200 [egg-schedule]: register schedule C:\Users\14253\Desktop\react-axios\node_modules\egg-logrotator\app\schedule\clean_log.js
2022-11-28 15:08:27,015 INFO 10200 [egg-schedule]: register schedule C:\Users\14253\Desktop\react-axios\node_modules\egg-logrotator\app\schedule\rotate_by_file.js
2022-11-28 15:08:52,057 INFO 16532 [egg-schedule]: register schedule C:\Users\14253\Desktop\react-axios\node_modules\egg-multipart\app\schedule\clean_tmpdir.js
2022-11-28 15:08:52,057 INFO 16532 [egg-schedule]: register schedule C:\Users\14253\Desktop\react-axios\node_modules\egg-logrotator\app\schedule\clean_log.js
2022-11-28 15:08:52,057 INFO 16532 [egg-schedule]: register schedule C:\Users\14253\Desktop\react-axios\node_modules\egg-logrotator\app\schedule\rotate_by_file.js
2022-11-28 15:09:13,242 INFO 17336 [egg-schedule]: register schedule C:\Users\14253\Desktop\react-axios\node_modules\egg-multipart\app\schedule\clean_tmpdir.js
2022-11-28 15:09:13,242 INFO 17336 [egg-schedule]: register schedule C:\Users\14253\Desktop\react-axios\node_modules\egg-logrotator\app\schedule\clean_log.js
2022-11-28 15:09:13,242 INFO 17336 [egg-schedule]: register schedule C:\Users\14253\Desktop\react-axios\node_modules\egg-logrotator\app\schedule\rotate_by_file.js
2022-11-28 15:09:32,191 INFO 17248 [egg-schedule]: register schedule C:\Users\14253\Desktop\react-axios\node_modules\egg-multipart\app\schedule\clean_tmpdir.js
2022-11-28 15:09:32,191 INFO 17248 [egg-schedule]: register schedule C:\Users\14253\Desktop\react-axios\node_modules\egg-logrotator\app\schedule\clean_log.js
2022-11-28 15:09:32,191 INFO 17248 [egg-schedule]: register schedule C:\Users\14253\Desktop\react-axios\node_modules\egg-logrotator\app\schedule\rotate_by_file.js
2022-11-28 15:09:51,328 INFO 17132 [egg-schedule]: register schedule C:\Users\14253\Desktop\react-axios\node_modules\egg-multipart\app\schedule\clean_tmpdir.js
2022-11-28 15:09:51,328 INFO 17132 [egg-schedule]: register schedule C:\Users\14253\Desktop\react-axios\node_modules\egg-logrotator\app\schedule\clean_log.js
2022-11-28 15:09:51,328 INFO 17132 [egg-schedule]: register schedule C:\Users\14253\Desktop\react-axios\node_modules\egg-logrotator\app\schedule\rotate_by_file.js
2022-11-29 14:21:58,972 INFO 18484 [Timer] C:\Users\14253\Desktop\react-axios\node_modules\egg-multipart\app\schedule\clean_tmpdir.js next time will execute after 50881034ms at 2022-11-30 04:30:00.006
2022-11-29 14:21:58,972 INFO 18484 [Timer] C:\Users\14253\Desktop\react-axios\node_modules\egg-logrotator\app\schedule\clean_log.js next time will execute after 34681028ms at 2022-11-30 00:00:00.000
2022-11-29 14:21:58,973 INFO 18484 [Timer] C:\Users\14253\Desktop\react-axios\node_modules\egg-logrotator\app\schedule\rotate_by_file.js next time will execute after 34682028ms at 2022-11-30 00:00:01.001
2022-11-29 14:21:58,253 INFO 10744 [egg-schedule]: register schedule C:\Users\14253\Desktop\react-axios\node_modules\egg-multipart\app\schedule\clean_tmpdir.js
2022-11-29 14:21:58,253 INFO 10744 [egg-schedule]: register schedule C:\Users\14253\Desktop\react-axios\node_modules\egg-logrotator\app\schedule\clean_log.js
2022-11-29 14:21:58,253 INFO 10744 [egg-schedule]: register schedule C:\Users\14253\Desktop\react-axios\node_modules\egg-logrotator\app\schedule\rotate_by_file.js
2022-11-29 14:22:00,035 INFO 15560 [egg-schedule]: register schedule C:\Users\14253\Desktop\react-axios\node_modules\egg-multipart\app\schedule\clean_tmpdir.js
2022-11-29 14:22:00,035 INFO 15560 [egg-schedule]: register schedule C:\Users\14253\Desktop\react-axios\node_modules\egg-logrotator\app\schedule\clean_log.js
2022-11-29 14:22:00,035 INFO 15560 [egg-schedule]: register schedule C:\Users\14253\Desktop\react-axios\node_modules\egg-logrotator\app\schedule\rotate_by_file.js
2022-11-29 15:15:07,689 INFO 12660 [egg-schedule]: register schedule C:\Users\14253\Desktop\react-axios\node_modules\egg-multipart\app\schedule\clean_tmpdir.js
2022-11-29 15:15:07,689 INFO 12660 [egg-schedule]: register schedule C:\Users\14253\Desktop\react-axios\node_modules\egg-logrotator\app\schedule\clean_log.js
2022-11-29 15:15:07,689 INFO 12660 [egg-schedule]: register schedule C:\Users\14253\Desktop\react-axios\node_modules\egg-logrotator\app\schedule\rotate_by_file.js
2022-11-29 15:15:07,963 INFO 7712 [Timer] C:\Users\14253\Desktop\react-axios\node_modules\egg-multipart\app\schedule\clean_tmpdir.js next time will execute after 47692040ms at 2022-11-30 04:30:00.003
2022-11-29 15:15:07,964 INFO 7712 [Timer] C:\Users\14253\Desktop\react-axios\node_modules\egg-logrotator\app\schedule\clean_log.js next time will execute after 31492036ms at 2022-11-30 00:00:00.000
2022-11-29 15:15:07,964 INFO 7712 [Timer] C:\Users\14253\Desktop\react-axios\node_modules\egg-logrotator\app\schedule\rotate_by_file.js next time will execute after 31493036ms at 2022-11-30 00:00:01.000
2022-11-29 15:21:07,695 INFO 9760 [egg-schedule]: register schedule C:\Users\14253\Desktop\react-axios\node_modules\egg-multipart\app\schedule\clean_tmpdir.js
2022-11-29 15:21:07,695 INFO 9760 [egg-schedule]: register schedule C:\Users\14253\Desktop\react-axios\node_modules\egg-logrotator\app\schedule\clean_log.js
2022-11-29 15:21:07,695 INFO 9760 [egg-schedule]: register schedule C:\Users\14253\Desktop\react-axios\node_modules\egg-logrotator\app\schedule\rotate_by_file.js
2022-11-29 15:21:09,746 INFO 14120 [egg-schedule]: register schedule C:\Users\14253\Desktop\react-axios\node_modules\egg-multipart\app\schedule\clean_tmpdir.js
2022-11-29 15:21:09,746 INFO 14120 [egg-schedule]: register schedule C:\Users\14253\Desktop\react-axios\node_modules\egg-logrotator\app\schedule\clean_log.js
2022-11-29 15:21:09,746 INFO 14120 [egg-schedule]: register schedule C:\Users\14253\Desktop\react-axios\node_modules\egg-logrotator\app\schedule\rotate_by_file.js
2022-11-29 15:21:11,794 INFO 2588 [egg-schedule]: register schedule C:\Users\14253\Desktop\react-axios\node_modules\egg-multipart\app\schedule\clean_tmpdir.js
2022-11-29 15:21:11,794 INFO 2588 [egg-schedule]: register schedule C:\Users\14253\Desktop\react-axios\node_modules\egg-logrotator\app\schedule\clean_log.js
2022-11-29 15:21:11,794 INFO 2588 [egg-schedule]: register schedule C:\Users\14253\Desktop\react-axios\node_modules\egg-logrotator\app\schedule\rotate_by_file.js
2022-11-29 15:21:51,427 INFO 752 [egg-schedule]: register schedule C:\Users\14253\Desktop\react-axios\node_modules\egg-multipart\app\schedule\clean_tmpdir.js
2022-11-29 15:21:51,427 INFO 752 [egg-schedule]: register schedule C:\Users\14253\Desktop\react-axios\node_modules\egg-logrotator\app\schedule\clean_log.js
2022-11-29 15:21:51,427 INFO 752 [egg-schedule]: register schedule C:\Users\14253\Desktop\react-axios\node_modules\egg-logrotator\app\schedule\rotate_by_file.js
2022-11-29 15:22:06,530 INFO 16620 [egg-schedule]: register schedule C:\Users\14253\Desktop\react-axios\node_modules\egg-multipart\app\schedule\clean_tmpdir.js
2022-11-29 15:22:06,530 INFO 16620 [egg-schedule]: register schedule C:\Users\14253\Desktop\react-axios\node_modules\egg-logrotator\app\schedule\clean_log.js
2022-11-29 15:22:06,530 INFO 16620 [egg-schedule]: register schedule C:\Users\14253\Desktop\react-axios\node_modules\egg-logrotator\app\schedule\rotate_by_file.js
2022-11-29 15:22:07,762 INFO 11628 [egg-schedule]: register schedule C:\Users\14253\Desktop\react-axios\node_modules\egg-multipart\app\schedule\clean_tmpdir.js
2022-11-29 15:22:07,762 INFO 11628 [egg-schedule]: register schedule C:\Users\14253\Desktop\react-axios\node_modules\egg-logrotator\app\schedule\clean_log.js
2022-11-29 15:22:07,763 INFO 11628 [egg-schedule]: register schedule C:\Users\14253\Desktop\react-axios\node_modules\egg-logrotator\app\schedule\rotate_by_file.js
2022-11-29 15:22:13,546 INFO 10736 [egg-schedule]: register schedule C:\Users\14253\Desktop\react-axios\node_modules\egg-multipart\app\schedule\clean_tmpdir.js
2022-11-29 15:22:13,546 INFO 10736 [egg-schedule]: register schedule C:\Users\14253\Desktop\react-axios\node_modules\egg-logrotator\app\schedule\clean_log.js
2022-11-29 15:22:13,546 INFO 10736 [egg-schedule]: register schedule C:\Users\14253\Desktop\react-axios\node_modules\egg-logrotator\app\schedule\rotate_by_file.js
2022-11-29 16:32:14,742 INFO 7368 [egg-schedule]: register schedule C:\Users\14253\Desktop\react-axios\node_modules\egg-multipart\app\schedule\clean_tmpdir.js
2022-11-29 16:32:14,742 INFO 7368 [egg-schedule]: register schedule C:\Users\14253\Desktop\react-axios\node_modules\egg-logrotator\app\schedule\clean_log.js
2022-11-29 16:32:14,742 INFO 7368 [egg-schedule]: register schedule C:\Users\14253\Desktop\react-axios\node_modules\egg-logrotator\app\schedule\rotate_by_file.js
2022-11-29 16:32:15,061 INFO 18996 [Timer] C:\Users\14253\Desktop\react-axios\node_modules\egg-multipart\app\schedule\clean_tmpdir.js next time will execute after 43064943ms at 2022-11-30 04:30:00.004
2022-11-29 16:32:15,061 INFO 18996 [Timer] C:\Users\14253\Desktop\react-axios\node_modules\egg-logrotator\app\schedule\clean_log.js next time will execute after 26864939ms at 2022-11-30 00:00:00.000
2022-11-29 16:32:15,062 INFO 18996 [Timer] C:\Users\14253\Desktop\react-axios\node_modules\egg-logrotator\app\schedule\rotate_by_file.js next time will execute after 26865939ms at 2022-11-30 00:00:01.001
2022-11-29 16:32:16,051 INFO 19676 [egg-schedule]: register schedule C:\Users\14253\Desktop\react-axios\node_modules\egg-multipart\app\schedule\clean_tmpdir.js
2022-11-29 16:32:16,051 INFO 19676 [egg-schedule]: register schedule C:\Users\14253\Desktop\react-axios\node_modules\egg-logrotator\app\schedule\clean_log.js
2022-11-29 16:32:16,051 INFO 19676 [egg-schedule]: register schedule C:\Users\14253\Desktop\react-axios\node_modules\egg-logrotator\app\schedule\rotate_by_file.js
2022-11-29 16:40:32,021 INFO 12248 [egg-schedule]: register schedule C:\Users\14253\Desktop\react-axios\node_modules\egg-multipart\app\schedule\clean_tmpdir.js
2022-11-29 16:40:32,021 INFO 12248 [egg-schedule]: register schedule C:\Users\14253\Desktop\react-axios\node_modules\egg-logrotator\app\schedule\clean_log.js
2022-11-29 16:40:32,021 INFO 12248 [egg-schedule]: register schedule C:\Users\14253\Desktop\react-axios\node_modules\egg-logrotator\app\schedule\rotate_by_file.js
2022-11-29 16:41:22,784 INFO 19204 [egg-schedule]: register schedule C:\Users\14253\Desktop\react-axios\node_modules\egg-multipart\app\schedule\clean_tmpdir.js
2022-11-29 16:41:22,784 INFO 19204 [egg-schedule]: register schedule C:\Users\14253\Desktop\react-axios\node_modules\egg-logrotator\app\schedule\clean_log.js
2022-11-29 16:41:22,784 INFO 19204 [egg-schedule]: register schedule C:\Users\14253\Desktop\react-axios\node_modules\egg-logrotator\app\schedule\rotate_by_file.js
2022-11-29 16:41:48,355 INFO 17644 [egg-schedule]: register schedule C:\Users\14253\Desktop\react-axios\node_modules\egg-multipart\app\schedule\clean_tmpdir.js
2022-11-29 16:41:48,356 INFO 17644 [egg-schedule]: register schedule C:\Users\14253\Desktop\react-axios\node_modules\egg-logrotator\app\schedule\clean_log.js
2022-11-29 16:41:48,356 INFO 17644 [egg-schedule]: register schedule C:\Users\14253\Desktop\react-axios\node_modules\egg-logrotator\app\schedule\rotate_by_file.js
2022-11-29 16:41:56,494 INFO 13032 [egg-schedule]: register schedule C:\Users\14253\Desktop\react-axios\node_modules\egg-multipart\app\schedule\clean_tmpdir.js
2022-11-29 16:41:56,494 INFO 13032 [egg-schedule]: register schedule C:\Users\14253\Desktop\react-axios\node_modules\egg-logrotator\app\schedule\clean_log.js
2022-11-29 16:41:56,495 INFO 13032 [egg-schedule]: register schedule C:\Users\14253\Desktop\react-axios\node_modules\egg-logrotator\app\schedule\rotate_by_file.js
2022-11-29 16:41:57,616 INFO 12880 [egg-schedule]: register schedule C:\Users\14253\Desktop\react-axios\node_modules\egg-multipart\app\schedule\clean_tmpdir.js
2022-11-29 16:41:57,616 INFO 12880 [egg-schedule]: register schedule C:\Users\14253\Desktop\react-axios\node_modules\egg-logrotator\app\schedule\clean_log.js
2022-11-29 16:41:57,616 INFO 12880 [egg-schedule]: register schedule C:\Users\14253\Desktop\react-axios\node_modules\egg-logrotator\app\schedule\rotate_by_file.js
2022-11-29 16:41:58,650 INFO 11928 [egg-schedule]: register schedule C:\Users\14253\Desktop\react-axios\node_modules\egg-multipart\app\schedule\clean_tmpdir.js
2022-11-29 16:41:58,650 INFO 11928 [egg-schedule]: register schedule C:\Users\14253\Desktop\react-axios\node_modules\egg-logrotator\app\schedule\clean_log.js
2022-11-29 16:41:58,650 INFO 11928 [egg-schedule]: register schedule C:\Users\14253\Desktop\react-axios\node_modules\egg-logrotator\app\schedule\rotate_by_file.js
2022-11-29 16:42:49,099 INFO 2880 [egg-schedule]: register schedule C:\Users\14253\Desktop\react-axios\node_modules\egg-multipart\app\schedule\clean_tmpdir.js
2022-11-29 16:42:49,099 INFO 2880 [egg-schedule]: register schedule C:\Users\14253\Desktop\react-axios\node_modules\egg-logrotator\app\schedule\clean_log.js
2022-11-29 16:42:49,100 INFO 2880 [egg-schedule]: register schedule C:\Users\14253\Desktop\react-axios\node_modules\egg-logrotator\app\schedule\rotate_by_file.js
2022-11-29 16:42:59,968 INFO 20880 [egg-schedule]: register schedule C:\Users\14253\Desktop\react-axios\node_modules\egg-multipart\app\schedule\clean_tmpdir.js
2022-11-29 16:42:59,968 INFO 20880 [egg-schedule]: register schedule C:\Users\14253\Desktop\react-axios\node_modules\egg-logrotator\app\schedule\clean_log.js
2022-11-29 16:42:59,969 INFO 20880 [egg-schedule]: register schedule C:\Users\14253\Desktop\react-axios\node_modules\egg-logrotator\app\schedule\rotate_by_file.js
2022-11-29 16:43:06,231 INFO 924 [egg-schedule]: register schedule C:\Users\14253\Desktop\react-axios\node_modules\egg-multipart\app\schedule\clean_tmpdir.js
2022-11-29 16:43:06,231 INFO 924 [egg-schedule]: register schedule C:\Users\14253\Desktop\react-axios\node_modules\egg-logrotator\app\schedule\clean_log.js
2022-11-29 16:43:06,231 INFO 924 [egg-schedule]: register schedule C:\Users\14253\Desktop\react-axios\node_modules\egg-logrotator\app\schedule\rotate_by_file.js
2022-11-29 16:49:29,884 INFO 12872 [egg-schedule]: register schedule C:\Users\14253\Desktop\react-axios\node_modules\egg-multipart\app\schedule\clean_tmpdir.js
2022-11-29 16:49:29,884 INFO 12872 [egg-schedule]: register schedule C:\Users\14253\Desktop\react-axios\node_modules\egg-logrotator\app\schedule\clean_log.js
2022-11-29 16:49:29,884 INFO 12872 [egg-schedule]: register schedule C:\Users\14253\Desktop\react-axios\node_modules\egg-logrotator\app\schedule\rotate_by_file.js
2022-11-29 16:50:37,467 INFO 19568 [egg-schedule]: register schedule C:\Users\14253\Desktop\react-axios\node_modules\egg-multipart\app\schedule\clean_tmpdir.js
2022-11-29 16:50:37,467 INFO 19568 [egg-schedule]: register schedule C:\Users\14253\Desktop\react-axios\node_modules\egg-logrotator\app\schedule\clean_log.js
2022-11-29 16:50:37,467 INFO 19568 [egg-schedule]: register schedule C:\Users\14253\Desktop\react-axios\node_modules\egg-logrotator\app\schedule\rotate_by_file.js
2022-11-29 16:50:46,233 INFO 19892 [egg-schedule]: register schedule C:\Users\14253\Desktop\react-axios\node_modules\egg-multipart\app\schedule\clean_tmpdir.js
2022-11-29 16:50:46,233 INFO 19892 [egg-schedule]: register schedule C:\Users\14253\Desktop\react-axios\node_modules\egg-logrotator\app\schedule\clean_log.js
2022-11-29 16:50:46,233 INFO 19892 [egg-schedule]: register schedule C:\Users\14253\Desktop\react-axios\node_modules\egg-logrotator\app\schedule\rotate_by_file.js
2022-11-29 16:52:01,117 INFO 15756 [egg-schedule]: register schedule C:\Users\14253\Desktop\react-axios\node_modules\egg-multipart\app\schedule\clean_tmpdir.js
2022-11-29 16:52:01,117 INFO 15756 [egg-schedule]: register schedule C:\Users\14253\Desktop\react-axios\node_modules\egg-logrotator\app\schedule\clean_log.js
2022-11-29 16:52:01,117 INFO 15756 [egg-schedule]: register schedule C:\Users\14253\Desktop\react-axios\node_modules\egg-logrotator\app\schedule\rotate_by_file.js
2022-11-29 16:55:34,312 INFO 12856 [egg-schedule]: register schedule C:\Users\14253\Desktop\react-axios\node_modules\egg-multipart\app\schedule\clean_tmpdir.js
2022-11-29 16:55:34,312 INFO 12856 [egg-schedule]: register schedule C:\Users\14253\Desktop\react-axios\node_modules\egg-logrotator\app\schedule\clean_log.js
2022-11-29 16:55:34,312 INFO 12856 [egg-schedule]: register schedule C:\Users\14253\Desktop\react-axios\node_modules\egg-logrotator\app\schedule\rotate_by_file.js
2022-11-29 16:55:42,676 INFO 9736 [egg-schedule]: register schedule C:\Users\14253\Desktop\react-axios\node_modules\egg-multipart\app\schedule\clean_tmpdir.js
2022-11-29 16:55:42,676 INFO 9736 [egg-schedule]: register schedule C:\Users\14253\Desktop\react-axios\node_modules\egg-logrotator\app\schedule\clean_log.js
2022-11-29 16:55:42,676 INFO 9736 [egg-schedule]: register schedule C:\Users\14253\Desktop\react-axios\node_modules\egg-logrotator\app\schedule\rotate_by_file.js
2022-11-29 16:55:47,081 INFO 13196 [egg-schedule]: register schedule C:\Users\14253\Desktop\react-axios\node_modules\egg-multipart\app\schedule\clean_tmpdir.js
2022-11-29 16:55:47,081 INFO 13196 [egg-schedule]: register schedule C:\Users\14253\Desktop\react-axios\node_modules\egg-logrotator\app\schedule\clean_log.js
2022-11-29 16:55:47,081 INFO 13196 [egg-schedule]: register schedule C:\Users\14253\Desktop\react-axios\node_modules\egg-logrotator\app\schedule\rotate_by_file.js
2022-11-29 16:56:09,237 INFO 9272 [egg-schedule]: register schedule C:\Users\14253\Desktop\react-axios\node_modules\egg-multipart\app\schedule\clean_tmpdir.js
2022-11-29 16:56:09,237 INFO 9272 [egg-schedule]: register schedule C:\Users\14253\Desktop\react-axios\node_modules\egg-logrotator\app\schedule\clean_log.js
2022-11-29 16:56:09,237 INFO 9272 [egg-schedule]: register schedule C:\Users\14253\Desktop\react-axios\node_modules\egg-logrotator\app\schedule\rotate_by_file.js
2022-11-29 16:58:46,155 INFO 10580 [egg-schedule]: register schedule C:\Users\14253\Desktop\react-axios\node_modules\egg-multipart\app\schedule\clean_tmpdir.js
2022-11-29 16:58:46,155 INFO 10580 [egg-schedule]: register schedule C:\Users\14253\Desktop\react-axios\node_modules\egg-logrotator\app\schedule\clean_log.js
2022-11-29 16:58:46,156 INFO 10580 [egg-schedule]: register schedule C:\Users\14253\Desktop\react-axios\node_modules\egg-logrotator\app\schedule\rotate_by_file.js
2022-11-29 16:58:53,151 INFO 8964 [egg-schedule]: register schedule C:\Users\14253\Desktop\react-axios\node_modules\egg-multipart\app\schedule\clean_tmpdir.js
2022-11-29 16:58:53,151 INFO 8964 [egg-schedule]: register schedule C:\Users\14253\Desktop\react-axios\node_modules\egg-logrotator\app\schedule\clean_log.js
2022-11-29 16:58:53,151 INFO 8964 [egg-schedule]: register schedule C:\Users\14253\Desktop\react-axios\node_modules\egg-logrotator\app\schedule\rotate_by_file.js
2022-11-30 09:28:54,115 INFO 15048 [Timer] C:\Users\14253\Desktop\react-axios\node_modules\egg-multipart\app\schedule\clean_tmpdir.js next time will execute after 68465887ms at 2022-12-01 04:30:00.002
2022-11-30 09:28:54,115 INFO 15048 [Timer] C:\Users\14253\Desktop\react-axios\node_modules\egg-logrotator\app\schedule\clean_log.js next time will execute after 52265885ms at 2022-12-01 00:00:00.000
2022-11-30 09:28:54,116 INFO 15048 [Timer] C:\Users\14253\Desktop\react-axios\node_modules\egg-logrotator\app\schedule\rotate_by_file.js next time will execute after 52266885ms at 2022-12-01 00:00:01.001
2022-11-30 09:28:53,891 INFO 8760 [egg-schedule]: register schedule C:\Users\14253\Desktop\react-axios\node_modules\egg-multipart\app\schedule\clean_tmpdir.js
2022-11-30 09:28:53,891 INFO 8760 [egg-schedule]: register schedule C:\Users\14253\Desktop\react-axios\node_modules\egg-logrotator\app\schedule\clean_log.js
2022-11-30 09:28:53,891 INFO 8760 [egg-schedule]: register schedule C:\Users\14253\Desktop\react-axios\node_modules\egg-logrotator\app\schedule\rotate_by_file.js
2022-11-30 09:28:55,031 INFO 12316 [egg-schedule]: register schedule C:\Users\14253\Desktop\react-axios\node_modules\egg-multipart\app\schedule\clean_tmpdir.js
2022-11-30 09:28:55,031 INFO 12316 [egg-schedule]: register schedule C:\Users\14253\Desktop\react-axios\node_modules\egg-logrotator\app\schedule\clean_log.js
2022-11-30 09:28:55,031 INFO 12316 [egg-schedule]: register schedule C:\Users\14253\Desktop\react-axios\node_modules\egg-logrotator\app\schedule\rotate_by_file.js
